2024-09-17 11:13:41.419 [main] INFO  com.apiTests.requests.HelperMethod - 'userDataPath' JSON dosyası içindeki kullanıcı bilgilieri 'userLoginData' isimli bir string değişkene atandı.
2024-09-17 11:13:43.665 [main] INFO  com.apiTests.serviceSteps.serviceTestSteps.userController.LoginSteps - Access Token: eyJ0eXAiOiJKV1QiLCJhbGciOiJIUzUxMiJ9.eyJzdWIiOiIxOSIsImF1ZCI6ImFjY2VzcyIsInVzciI6IlNpc3RlbSBZw7ZuZXRpY2lzaSBBU0VMU0FOIiwiaXNzIjoiYXNlbHNhbi5rYXJkZWxlbiIsInJqdGkiOiJhMDI4YmRlYi1mOTk3LTRjNmQtOWMwMy02ZjFlYzcwMTUzNjQiLCJleHAiOjE3MjY1NjE0MjMsImlhdCI6MTcyNjU2MDgyMywianRpIjoiZGM2YWEyYzctNjZiZi00M2VkLTgyYWYtZTdjNTU1NDU0YzcyIn0.UXyGctaQHFRFhD8bhygFML-KzRCEIKDGhHsYDEvi2Fsrq_w91CFLWGn5fCR9tr5Josxrzhd_OUsGbqi4T-eZUw
2024-09-17 11:14:25.788 [main] INFO  com.apiTests.requests.HelperMethod - 'userDataPath' JSON dosyası içindeki kullanıcı bilgilieri 'userLoginData' isimli bir string değişkene atandı.
2024-09-17 11:14:27.442 [main] INFO  com.apiTests.serviceSteps.serviceTestSteps.userController.LoginSteps - Access Token: eyJ0eXAiOiJKV1QiLCJhbGciOiJIUzUxMiJ9.eyJzdWIiOiIxOSIsImF1ZCI6ImFjY2VzcyIsInVzciI6IlNpc3RlbSBZw7ZuZXRpY2lzaSBBU0VMU0FOIiwiaXNzIjoiYXNlbHNhbi5rYXJkZWxlbiIsInJqdGkiOiJmZjdkZjI3ZS05ZWE3LTRkMTMtYjA4ZS01YjdjOWNlMWE0ZTciLCJleHAiOjE3MjY1NjE0NjcsImlhdCI6MTcyNjU2MDg2NywianRpIjoiYmM3OTMxOTAtNzExZC00NGYxLWIzNzktNDhhYTg5NmViNjI2In0.7y74PR2QWaeJt1ABbfEIj-gk8IqaBNtbmx4iSpS99o6r6QmqONZ2xHs6VbILe2Dir-unxyCREkrcggLye8AgCg
2024-09-17 14:22:33.007 [main] INFO  com.apiTests.requests.HelperMethod - The user information in the 'userDataPath' JSON file was assigned to a string variable named 'userLoginData'
2024-09-17 14:22:34.450 [main] INFO  com.apiTests.serviceSteps.serviceTestSteps.userController.LoginSteps - Access Token: eyJ0eXAiOiJKV1QiLCJhbGciOiJIUzUxMiJ9.eyJzdWIiOiIxOSIsImF1ZCI6ImFjY2VzcyIsInVzciI6IlNpc3RlbSBZw7ZuZXRpY2lzaSBBU0VMU0FOIiwiaXNzIjoiYXNlbHNhbi5rYXJkZWxlbiIsInJqdGkiOiI5MDUzZGZjZi00ZDI3LTRhOWYtYWNhNy04N2UxMTgxZTI2MTMiLCJleHAiOjE3MjY1NzI3NTUsImlhdCI6MTcyNjU3MjE1NSwianRpIjoiOTFhMzhkZWUtNGE3OS00ODU3LWExY2EtMjhhMTRjNDM2ZjM4In0.6udZabizrwfhnNM5oNdDqV4logLlixdVZyN0mIAKk8YOIQn7WiNjPzljsSoZ_pbhqc1fnW5tH339f-CxDA053g
2024-09-17 14:49:49.184 [main] INFO  com.apiTests.requests.HelperMethod - The user information in the 'userDataPath' JSON file was assigned to a string variable named 'userLoginData'
2024-09-17 14:49:50.646 [main] INFO  com.apiTests.serviceSteps.serviceTestSteps.userController.LoginSteps - The system has been logged in with a valid username and password.
2024-09-17 14:49:50.653 [main] ERROR com.apiTests.serviceSteps.serviceTestSteps.userController.LoginSteps - The system can not logged in with a valid username and password.
2024-09-17 14:49:50.653 [main] INFO  com.apiTests.serviceSteps.serviceTestSteps.userController.LoginSteps - The Access Token has been saved: eyJ0eXAiOiJKV1QiLCJhbGciOiJIUzUxMiJ9.eyJzdWIiOiIxOSIsImF1ZCI6ImFjY2VzcyIsInVzciI6IlNpc3RlbSBZw7ZuZXRpY2lzaSBBU0VMU0FOIiwiaXNzIjoiYXNlbHNhbi5rYXJkZWxlbiIsInJqdGkiOiI3NjI0YzM0OS02ZjBkLTQwMjEtODZjMi0yZGUxMmUxNDRjMmIiLCJleHAiOjE3MjY1NzQzOTEsImlhdCI6MTcyNjU3Mzc5MSwianRpIjoiOTg1ZTJmMmYtYTVlMy00NDQ1LTllNTItNWRiODU4MjA0ZTNlIn0.w_lY5gwGZb1G59pe9Xw3L4Cko4Gk6VjhkKvMGmsb4gd0OEkesDKcJvMUbIqI0yODnbCdq-daGsmPZNEii5IB7A
2024-09-17 14:51:13.395 [main] INFO  com.apiTests.requests.HelperMethod - The user information in the 'userDataPath' JSON file was assigned to a string variable named 'userLoginData'
2024-09-17 14:51:16.016 [main] INFO  com.apiTests.serviceSteps.serviceTestSteps.userController.LoginSteps - The system has been logged in with a valid username and password.
2024-09-17 14:51:16.022 [main] ERROR com.apiTests.serviceSteps.serviceTestSteps.userController.LoginSteps - The system can not logged in with a valid username and password.
2024-09-17 14:51:16.023 [main] INFO  com.apiTests.serviceSteps.serviceTestSteps.userController.LoginSteps - The Access Token has been saved: eyJ0eXAiOiJKV1QiLCJhbGciOiJIUzUxMiJ9.eyJzdWIiOiIxOSIsImF1ZCI6ImFjY2VzcyIsInVzciI6IlNpc3RlbSBZw7ZuZXRpY2lzaSBBU0VMU0FOIiwiaXNzIjoiYXNlbHNhbi5rYXJkZWxlbiIsInJqdGkiOiIwZDFjNjNhZi02NGQ4LTQxZmItOWFiMS0zOGZhNGQ5YmIyM2EiLCJleHAiOjE3MjY1NzQ0NzYsImlhdCI6MTcyNjU3Mzg3NiwianRpIjoiMTgzMGJjNDQtZjYxMy00NWEzLThiMGQtMzcwZWI5ZDc0MzljIn0.5wFWhNRm7Xa8eW4fH7qv22pmj5dCkVZ8U_aMUcjAbyiH3hnPD-RB9A9iI9PJsptbweeY0IJOHI3YsaZTwxqV6Q
2024-09-17 14:52:04.162 [main] INFO  com.apiTests.requests.HelperMethod - The user information in the 'userDataPath' JSON file was assigned to a string variable named 'userLoginData'
2024-09-17 14:52:05.671 [main] INFO  com.apiTests.serviceSteps.serviceTestSteps.userController.LoginSteps - The system has been logged in with a valid username and password.
2024-09-17 14:52:05.678 [main] ERROR com.apiTests.serviceSteps.serviceTestSteps.userController.LoginSteps - The system can not logged in with a valid username and password.
2024-09-17 14:52:05.679 [main] INFO  com.apiTests.serviceSteps.serviceTestSteps.userController.LoginSteps - The Access Token has been saved: eyJ0eXAiOiJKV1QiLCJhbGciOiJIUzUxMiJ9.eyJzdWIiOiIxOSIsImF1ZCI6ImFjY2VzcyIsInVzciI6IlNpc3RlbSBZw7ZuZXRpY2lzaSBBU0VMU0FOIiwiaXNzIjoiYXNlbHNhbi5rYXJkZWxlbiIsInJqdGkiOiJiNmE2Mjc0Mi1lZTU1LTRiYWMtODU2OS03NTkzNmIwODMwYjQiLCJleHAiOjE3MjY1NzQ1MjYsImlhdCI6MTcyNjU3MzkyNiwianRpIjoiMzEzYTY3NTItMTYzYy00ODZmLTk5MjgtNmQ2YjY4OTgzNzUzIn0.ROnmNOtybWykB5H0zz3FrDyYk8uclPAosj9dgiUdUCLgKrmzOVztKS6JV-5nAiI9bRabXI9QeoEtoWWs4liCfg
2024-09-17 14:54:52.539 [main] INFO  com.apiTests.requests.HelperMethod - The user information in the 'userDataPath' JSON file was assigned to a string variable named 'userLoginData'
2024-09-17 14:54:54.452 [main] INFO  com.apiTests.serviceSteps.serviceTestSteps.userController.LoginSteps - The system has been logged in with a valid username and password
2024-09-17 14:54:54.461 [main] ERROR com.apiTests.serviceSteps.serviceTestSteps.userController.LoginSteps - The username in the response does not matches the one in the request
2024-09-17 14:54:54.462 [main] INFO  com.apiTests.serviceSteps.serviceTestSteps.userController.LoginSteps - The Access Token has been saved: eyJ0eXAiOiJKV1QiLCJhbGciOiJIUzUxMiJ9.eyJzdWIiOiIxOSIsImF1ZCI6ImFjY2VzcyIsInVzciI6IlNpc3RlbSBZw7ZuZXRpY2lzaSBBU0VMU0FOIiwiaXNzIjoiYXNlbHNhbi5rYXJkZWxlbiIsInJqdGkiOiI5NmUwZDQ3YS0xOTJmLTRhODAtOWZhZS05OTIxM2FjYmY0NmQiLCJleHAiOjE3MjY1NzQ2OTQsImlhdCI6MTcyNjU3NDA5NCwianRpIjoiOGIyZmI4ZjgtNzJlNC00OTljLWFkNGItMjJkODQ1NmRmNTY5In0.kY4sHqIQEeR3ufXUhpXJo-l_QPygM6OkGcLqdnFKymw22eN6UA98--stQLM6yrpa_o5Htc2fPLbze0zS-0aCcw
2024-09-17 14:57:57.594 [main] INFO  com.apiTests.requests.HelperMethod - The user information in the 'userDataPath' JSON file was assigned to a string variable named 'userLoginData'
2024-09-17 14:57:59.148 [main] INFO  com.apiTests.serviceSteps.serviceTestSteps.userController.LoginSteps - The system has been logged in with a valid username and password
2024-09-17 14:57:59.156 [main] INFO  com.apiTests.serviceSteps.serviceTestSteps.userController.LoginSteps - The username in the response matches the one in the request
2024-09-17 14:57:59.157 [main] INFO  com.apiTests.serviceSteps.serviceTestSteps.userController.LoginSteps - The Access Token has been saved: eyJ0eXAiOiJKV1QiLCJhbGciOiJIUzUxMiJ9.eyJzdWIiOiIxOSIsImF1ZCI6ImFjY2VzcyIsInVzciI6IlNpc3RlbSBZw7ZuZXRpY2lzaSBBU0VMU0FOIiwiaXNzIjoiYXNlbHNhbi5rYXJkZWxlbiIsInJqdGkiOiI0MGI1ZDEyNi1mZmNhLTRhZjktOGJlYi00YTcwOTUyNTIzY2QiLCJleHAiOjE3MjY1NzQ4NzksImlhdCI6MTcyNjU3NDI3OSwianRpIjoiMWEzODEzNWUtOGEzMi00YjQwLTkzM2UtNWI0OWQ3Mzc4NTIzIn0.JkZ15uDZH3dxQ29gPZb1MaxsSpB2c9TYKUR78aqB9PwN2KeXKEciBEfciS_migpt80cOKiq-MYE09U1xMCS7UA
2024-09-17 14:58:17.447 [main] INFO  com.apiTests.requests.HelperMethod - The user information in the 'userDataPath' JSON file was assigned to a string variable named 'userLoginData'
2024-09-17 14:58:18.930 [main] INFO  com.apiTests.serviceSteps.serviceTestSteps.userController.LoginSteps - The system has been logged in with a valid username and password
2024-09-17 14:58:18.936 [main] ERROR com.apiTests.serviceSteps.serviceTestSteps.userController.LoginSteps - The username in the response does not matches the one in the request
2024-09-17 14:58:18.937 [main] INFO  com.apiTests.serviceSteps.serviceTestSteps.userController.LoginSteps - The Access Token has been saved: eyJ0eXAiOiJKV1QiLCJhbGciOiJIUzUxMiJ9.eyJzdWIiOiIxOSIsImF1ZCI6ImFjY2VzcyIsInVzciI6IlNpc3RlbSBZw7ZuZXRpY2lzaSBBU0VMU0FOIiwiaXNzIjoiYXNlbHNhbi5rYXJkZWxlbiIsInJqdGkiOiI4ZDQwZTg3NC1hYzQyLTRhMTYtOWQ4ZC1jNzMxYTAwMDgyMjMiLCJleHAiOjE3MjY1NzQ4OTksImlhdCI6MTcyNjU3NDI5OSwianRpIjoiMmEwNjJlMGEtM2I4My00NDJlLWI3NDctMzgxOGQ0OGEyZGYzIn0.l6emydJClTZM4AVYkyJveis6r8uCP_95_zRFdt_nbhRzIQOKlO9JRynK5evzPuHqNMoDMVRgFLYzRvFutYv3kA
2024-09-17 15:01:09.012 [main] INFO  com.apiTests.requests.HelperMethod - The user information in the 'userDataPath' JSON file was assigned to a string variable named 'userLoginData'
2024-09-17 15:03:32.119 [main] INFO  com.apiTests.requests.HelperMethod - The user information in the 'userDataPath' JSON file was assigned to a string variable named 'userLoginData'
2024-09-17 15:03:33.825 [main] INFO  com.apiTests.serviceSteps.serviceTestSteps.userController.LoginSteps - The system has been logged in with a valid username and password
2024-09-17 15:03:33.831 [main] INFO  com.apiTests.serviceSteps.serviceTestSteps.userController.LoginSteps - The username in the response matches the one in the request
2024-09-17 15:03:33.832 [main] INFO  com.apiTests.serviceSteps.serviceTestSteps.userController.LoginSteps - The Access Token has been saved: eyJ0eXAiOiJKV1QiLCJhbGciOiJIUzUxMiJ9.eyJzdWIiOiIxOSIsImF1ZCI6ImFjY2VzcyIsInVzciI6IlNpc3RlbSBZw7ZuZXRpY2lzaSBBU0VMU0FOIiwiaXNzIjoiYXNlbHNhbi5rYXJkZWxlbiIsInJqdGkiOiI3YmM1NmM2ZC1hNjQzLTQ1OGQtYTk0YS1lM2NkZmYzNjYyNjIiLCJleHAiOjE3MjY1NzUyMTQsImlhdCI6MTcyNjU3NDYxNCwianRpIjoiMDUwOTk1YjktMzEwNC00NGY3LWJmNDktYmYzMjcxYWM2MDA1In0.coKo0qjj6wsODTxC2tob89miMKTy4z2_IJYndWOiPli8MQ1mKBZaohH6uBBRUkbKcYlMbwZtaYtNIypwOCeHtw
2024-09-17 16:04:39.018 [main] INFO  com.apiTests.requests.HelperMethod - The user information in the 'userDataPath' JSON file was assigned to a string variable named 'userLoginData'
2024-09-17 16:04:41.055 [main] INFO  com.apiTests.serviceSteps.serviceTestSteps.userController.LoginSteps - The system has been logged in with a valid username and password
2024-09-17 16:04:41.062 [main] INFO  com.apiTests.serviceSteps.serviceTestSteps.userController.LoginSteps - The username in the response matches the one in the request
2024-09-17 16:04:41.063 [main] INFO  com.apiTests.serviceSteps.serviceTestSteps.userController.LoginSteps - The Access Token has been saved: eyJ0eXAiOiJKV1QiLCJhbGciOiJIUzUxMiJ9.eyJzdWIiOiIxOSIsImF1ZCI6ImFjY2VzcyIsInVzciI6IlNpc3RlbSBZw7ZuZXRpY2lzaSBBU0VMU0FOIiwiaXNzIjoiYXNlbHNhbi5rYXJkZWxlbiIsInJqdGkiOiJjNDIxNWM5My1jNjZmLTQ1NWQtYTAzMC00MTcwYjFhNDNjOTYiLCJleHAiOjE3MjY1Nzg4ODEsImlhdCI6MTcyNjU3ODI4MSwianRpIjoiOTMxMGU5MDQtOWE0MC00NTc5LThiNWMtZTQwZDVjZDk4M2YzIn0.xlL8HALuWlLp0lNYdszPl9ADgCVHDYOPMV2mo7gKl-fuZx__2Zl7DHFkurzeMb1uretTpjxSWcSU_O6SaBKFXw
2024-09-17 16:16:47.151 [main] INFO  com.apiTests.requests.HelperMethod - The user information in the 'userDataPath' JSON file was assigned to a string variable named 'userLoginData'
2024-09-17 16:16:49.091 [main] INFO  com.apiTests.serviceSteps.serviceTestSteps.userController.LoginSteps - The system has been logged in with a valid username and password
2024-09-17 16:16:49.120 [main] INFO  com.apiTests.serviceSteps.serviceTestSteps.userController.LoginSteps - The username in the response matches the one in the request
2024-09-17 16:16:49.121 [main] INFO  com.apiTests.serviceSteps.serviceTestSteps.userController.LoginSteps - The Access Token has been saved: eyJ0eXAiOiJKV1QiLCJhbGciOiJIUzUxMiJ9.eyJzdWIiOiIxOSIsImF1ZCI6ImFjY2VzcyIsInVzciI6IlNpc3RlbSBZw7ZuZXRpY2lzaSBBU0VMU0FOIiwiaXNzIjoiYXNlbHNhbi5rYXJkZWxlbiIsInJqdGkiOiI5ZmUwODIzYS1hYmU2LTRlZWQtYWJlNy1hMTc5M2M5NzBhYWQiLCJleHAiOjE3MjY1Nzk2MDksImlhdCI6MTcyNjU3OTAwOSwianRpIjoiNzMzNTg1YWQtZWMwZC00MzE2LWEzZjQtODY3ZDAzMjdjOWFjIn0.66mN57vpKiC9U83kD__LGhA4mPtOLfbHFTyH-9hrkuxh3Fo2l3cLSdMLpOTu_hSWrQXUD-1vlsoNufn36Y0xmw
