2024-09-23 11:04:09.506 [main] INFO  com.apiTests.requests.HelperMethod - The user information in the 'userDataPath' JSON file was assigned to a string variable named 'userLoginData'
2024-09-23 11:04:09.514 [main] INFO  com.apiTests.requests.user_controller.LoginTests - Request body loaded from: src/test/resources/jsonFilesLogin/validUsernameAndPassword.json
2024-09-23 11:04:11.721 [main] INFO  com.apiTests.requests.user_controller.LoginTests - Response received: {"user":{"name":"Sistem Yöneticisi","surname":"ASELSAN","username":"aselsan","detail":{"identityNumber":null,"email":null,"phoneNumber":null,"rank":null,"profilePicture":null,"supervisor":{"name":null,"surname":null}},"pushToken":null,"userLevelId":5,"userLevelName":"Aselsan","id":10},"tokenDetails":{"accessToken":"eyJ0eXAiOiJKV1QiLCJhbGciOiJIUzUxMiJ9.eyJzdWIiOiIxOSIsImF1ZCI6ImFjY2VzcyIsInVzciI6IlNpc3RlbSBZw7ZuZXRpY2lzaSBBU0VMU0FOIiwiaXNzIjoiYXNlbHNhbi5rYXJkZWxlbiIsInJqdGkiOiIyMjJjY2FkYi0zM2NmLTRkMzktOTg3NC0wYTFlOWVhOGUxZTMiLCJleHAiOjE3MjcwNzkyNDYsImlhdCI6MTcyNzA3ODY0NiwianRpIjoiM2I0OTVlN2YtMzc3OC00YjEwLWI3NDUtMGJkMjlhNDk1OGVmIn0.22daN_QoCXMAqIGRcCYYny4kfTm7E3hCNpcfSk86H9CwmmD4efhoCuItCQf_orjsKcd7XRliSJde8Ts48MaWog","refreshToken":"eyJ0eXAiOiJKV1QiLCJhbGciOiJIUzUxMiJ9.eyJzdWIiOiIxOSIsImF1ZCI6InJlZnJlc2giLCJpc3MiOiJhc2Vsc2FuLmthcmRlbGVuIiwiZXhwIjoxNzI3MTE0NjQ2LCJpYXQiOjE3MjcwNzg2NDYsImp0aSI6IjIyMmNjYWRiLTMzY2YtNGQzOS05ODc0LTBhMWU5ZWE4ZTFlMyJ9.vTRyAYvx6Ta-Bo3Srfw3LCFhsvHUKZSLS3-Vfs8JzVV-O7iTbACpxrYGTrwxuDzeVIECvvlUbnLW8BiOHJSQXg"},"authorities":["right.detection.createdetection","right.detection.map","right.detection.detail","right.detection.detail.read","right.detection.detail.update","right.detection.filter","right.detection.sort","right.detection.sosmessage","right.task.filter","right.task.sort","right.task.detail","right.task.detail.read","right.task.detail.starttask","right.sensor.list","right.sensor.map","right.sensor.livestream","right.sensor.filter","right.sensor.sort","right.profile.read","right.profile.usergroups.authorization","right.detection","right.task","right.sensor","right.profile","right.pushnotification","right.detection.incominglist","right.task.outgoinglist","right.detection.outgoinglist","right.task.incominglist","right.task.attachments.list","right.alarm","right.alarm.list","right.alarm.map","right.alarm.filter"]}
2024-09-23 11:04:11.722 [main] INFO  com.apiTests.requests.user_controller.LoginTests - Status Code: 200
2024-09-23 11:04:11.824 [main] INFO  com.apiTests.serviceSteps.serviceSteps.LoginSteps - The system has been logged in with a valid username and password
2024-09-23 11:04:11.828 [main] INFO  com.apiTests.requests.HelperMethod - The user information in the 'userDataPath' JSON file was assigned to a string variable named 'userLoginData'
2024-09-23 11:04:11.835 [main] INFO  com.apiTests.serviceSteps.serviceSteps.LoginSteps - The username in the response matches the one in the request
2024-09-23 11:04:11.837 [main] INFO  com.apiTests.serviceSteps.serviceSteps.LoginSteps - The Access Token has been saved: eyJ0eXAiOiJKV1QiLCJhbGciOiJIUzUxMiJ9.eyJzdWIiOiIxOSIsImF1ZCI6ImFjY2VzcyIsInVzciI6IlNpc3RlbSBZw7ZuZXRpY2lzaSBBU0VMU0FOIiwiaXNzIjoiYXNlbHNhbi5rYXJkZWxlbiIsInJqdGkiOiIyMjJjY2FkYi0zM2NmLTRkMzktOTg3NC0wYTFlOWVhOGUxZTMiLCJleHAiOjE3MjcwNzkyNDYsImlhdCI6MTcyNzA3ODY0NiwianRpIjoiM2I0OTVlN2YtMzc3OC00YjEwLWI3NDUtMGJkMjlhNDk1OGVmIn0.22daN_QoCXMAqIGRcCYYny4kfTm7E3hCNpcfSk86H9CwmmD4efhoCuItCQf_orjsKcd7XRliSJde8Ts48MaWog
2024-09-23 11:04:11.875 [main] INFO  com.apiTests.requests.HelperMethod - The user information in the 'userDataPath' JSON file was assigned to a string variable named 'userLoginData'
2024-09-23 11:04:11.875 [main] INFO  com.apiTests.requests.user_controller.LoginTests - Request body loaded from: src/test/resources/jsonFilesLogin/validUsernameInvalidPassword.json
2024-09-23 11:04:12.144 [main] INFO  com.apiTests.requests.user_controller.LoginTests - Response received: User is unauthorized
2024-09-23 11:04:12.145 [main] INFO  com.apiTests.requests.user_controller.LoginTests - Status Code: 401
2024-09-23 11:04:12.145 [main] ERROR com.apiTests.requests.user_controller.LoginTests - Unexpected content type: text/plain;charset=UTF-8
2024-09-23 11:04:12.145 [main] ERROR com.apiTests.requests.user_controller.LoginTests - Response body: User is unauthorized
2024-09-23 11:04:12.145 [main] INFO  com.apiTests.serviceSteps.serviceSteps.LoginSteps - The system has not been logged in with a valid username and password
2024-09-23 11:06:01.848 [main] INFO  com.apiTests.requests.HelperMethod - The user information in the 'userDataPath' JSON file was assigned to a string variable named 'userLoginData'
2024-09-23 11:06:01.848 [main] INFO  com.apiTests.requests.user_controller.LoginTests - Request body loaded from: src/test/resources/jsonFilesLogin/validUsernameAndPassword.json
2024-09-23 11:06:03.118 [main] INFO  com.apiTests.requests.user_controller.LoginTests - Response received: {"user":{"name":"Sistem Yöneticisi","surname":"ASELSAN","username":"aselsan","detail":{"identityNumber":null,"email":null,"phoneNumber":null,"rank":null,"profilePicture":null,"supervisor":{"name":null,"surname":null}},"pushToken":null,"userLevelId":5,"userLevelName":"Aselsan","id":10},"tokenDetails":{"accessToken":"eyJ0eXAiOiJKV1QiLCJhbGciOiJIUzUxMiJ9.eyJzdWIiOiIxOSIsImF1ZCI6ImFjY2VzcyIsInVzciI6IlNpc3RlbSBZw7ZuZXRpY2lzaSBBU0VMU0FOIiwiaXNzIjoiYXNlbHNhbi5rYXJkZWxlbiIsInJqdGkiOiJlMGNlMjY3MS04YTRmLTQ4YjEtYjE5Mi0zNTlhNjViNjM2MmQiLCJleHAiOjE3MjcwNzkzNTgsImlhdCI6MTcyNzA3ODc1OCwianRpIjoiYjBhYTUxZDQtM2Y2Zi00MTllLWIxMGEtODIyM2U5ZWVlMmE4In0.hIXxDLWzN0GVoLXpqw953fgT2JGmJMpodaXAOzYk22fx-yb0DwPmp0qEVxsxwY7hNPzFdJWS1EDfA4Br2PZ3JA","refreshToken":"eyJ0eXAiOiJKV1QiLCJhbGciOiJIUzUxMiJ9.eyJzdWIiOiIxOSIsImF1ZCI6InJlZnJlc2giLCJpc3MiOiJhc2Vsc2FuLmthcmRlbGVuIiwiZXhwIjoxNzI3MTE0NzU4LCJpYXQiOjE3MjcwNzg3NTgsImp0aSI6ImUwY2UyNjcxLThhNGYtNDhiMS1iMTkyLTM1OWE2NWI2MzYyZCJ9.zLeC1Z87VbfIKxGLBMwQIN_QszGmespwoh-ayv0DtGRQ84A92moV8uvv232bo7xzg8kzJkAn_Nqoe9pi0C1utw"},"authorities":["right.detection.createdetection","right.detection.map","right.detection.detail","right.detection.detail.read","right.detection.detail.update","right.detection.filter","right.detection.sort","right.detection.sosmessage","right.task.filter","right.task.sort","right.task.detail","right.task.detail.read","right.task.detail.starttask","right.sensor.list","right.sensor.map","right.sensor.livestream","right.sensor.filter","right.sensor.sort","right.profile.read","right.profile.usergroups.authorization","right.detection","right.task","right.sensor","right.profile","right.pushnotification","right.detection.incominglist","right.task.outgoinglist","right.detection.outgoinglist","right.task.incominglist","right.task.attachments.list","right.alarm","right.alarm.list","right.alarm.map","right.alarm.filter"]}
2024-09-23 11:06:03.118 [main] INFO  com.apiTests.requests.user_controller.LoginTests - Status Code: 200
2024-09-23 11:06:03.216 [main] INFO  com.apiTests.serviceSteps.serviceSteps.LoginSteps - The system has been logged in with a valid username and password
2024-09-23 11:06:03.222 [main] INFO  com.apiTests.requests.HelperMethod - The user information in the 'userDataPath' JSON file was assigned to a string variable named 'userLoginData'
2024-09-23 11:06:03.225 [main] INFO  com.apiTests.serviceSteps.serviceSteps.LoginSteps - The username in the response matches the one in the request
2024-09-23 11:06:03.228 [main] INFO  com.apiTests.serviceSteps.serviceSteps.LoginSteps - The Access Token has been saved: eyJ0eXAiOiJKV1QiLCJhbGciOiJIUzUxMiJ9.eyJzdWIiOiIxOSIsImF1ZCI6ImFjY2VzcyIsInVzciI6IlNpc3RlbSBZw7ZuZXRpY2lzaSBBU0VMU0FOIiwiaXNzIjoiYXNlbHNhbi5rYXJkZWxlbiIsInJqdGkiOiJlMGNlMjY3MS04YTRmLTQ4YjEtYjE5Mi0zNTlhNjViNjM2MmQiLCJleHAiOjE3MjcwNzkzNTgsImlhdCI6MTcyNzA3ODc1OCwianRpIjoiYjBhYTUxZDQtM2Y2Zi00MTllLWIxMGEtODIyM2U5ZWVlMmE4In0.hIXxDLWzN0GVoLXpqw953fgT2JGmJMpodaXAOzYk22fx-yb0DwPmp0qEVxsxwY7hNPzFdJWS1EDfA4Br2PZ3JA
2024-09-23 11:06:03.319 [main] INFO  com.apiTests.requests.HelperMethod - The user information in the 'userDataPath' JSON file was assigned to a string variable named 'userLoginData'
2024-09-23 11:06:03.320 [main] INFO  com.apiTests.requests.user_controller.LoginTests - Request body loaded from: src/test/resources/jsonFilesLogin/validUsernameInvalidPassword.json
2024-09-23 11:06:03.571 [main] INFO  com.apiTests.requests.user_controller.LoginTests - Response received: User is unauthorized
2024-09-23 11:06:03.572 [main] INFO  com.apiTests.requests.user_controller.LoginTests - Status Code: 401
2024-09-23 11:06:03.572 [main] ERROR com.apiTests.requests.user_controller.LoginTests - Unexpected content type: text/plain;charset=UTF-8
2024-09-23 11:06:03.572 [main] ERROR com.apiTests.requests.user_controller.LoginTests - Response body: User is unauthorized
2024-09-23 11:06:03.573 [main] INFO  com.apiTests.serviceSteps.serviceSteps.LoginSteps - The system has not been logged in with a valid username and password
2024-09-23 11:07:08.003 [main] INFO  com.apiTests.requests.HelperMethod - The user information in the 'userDataPath' JSON file was assigned to a string variable named 'userLoginData'
2024-09-23 11:07:08.006 [main] INFO  com.apiTests.requests.user_controller.LoginTests - Request body loaded from: src/test/resources/jsonFilesLogin/validUsernameAndPassword.json
2024-09-23 11:07:09.909 [main] INFO  com.apiTests.requests.user_controller.LoginTests - Response received: {"user":{"name":"Sistem Yöneticisi","surname":"ASELSAN","username":"aselsan","detail":{"identityNumber":null,"email":null,"phoneNumber":null,"rank":null,"profilePicture":null,"supervisor":{"name":null,"surname":null}},"pushToken":null,"userLevelId":5,"userLevelName":"Aselsan","id":10},"tokenDetails":{"accessToken":"eyJ0eXAiOiJKV1QiLCJhbGciOiJIUzUxMiJ9.eyJzdWIiOiIxOSIsImF1ZCI6ImFjY2VzcyIsInVzciI6IlNpc3RlbSBZw7ZuZXRpY2lzaSBBU0VMU0FOIiwiaXNzIjoiYXNlbHNhbi5rYXJkZWxlbiIsInJqdGkiOiJhNGJiNzJjYS01MjliLTQ0N2YtOTMxNi1mMWU0NWZjYWEzZGUiLCJleHAiOjE3MjcwNzk0MjQsImlhdCI6MTcyNzA3ODgyNCwianRpIjoiN2Y3NjEyODMtNjI4MS00MTM0LWE4ZWYtZmY5Nzg4Njg1MWJjIn0.ZCcCkxM-eAVbbhMZbyFPDkChd4lbS63sBzpOzDKKB7V5V58I4vp5UGC84cC0f8h2iD_DRbfnEDyCXIJnOGEIeQ","refreshToken":"eyJ0eXAiOiJKV1QiLCJhbGciOiJIUzUxMiJ9.eyJzdWIiOiIxOSIsImF1ZCI6InJlZnJlc2giLCJpc3MiOiJhc2Vsc2FuLmthcmRlbGVuIiwiZXhwIjoxNzI3MTE0ODI0LCJpYXQiOjE3MjcwNzg4MjQsImp0aSI6ImE0YmI3MmNhLTUyOWItNDQ3Zi05MzE2LWYxZTQ1ZmNhYTNkZSJ9.EA9TtJlAFJcSfwrPVHkxL8G_F3gxZMncXmu7SrcQYan9-_UV0Yt2OV1KT1_p8KOXp9kAeZvq0yjL7LkR9jzj6w"},"authorities":["right.detection.createdetection","right.detection.map","right.detection.detail","right.detection.detail.read","right.detection.detail.update","right.detection.filter","right.detection.sort","right.detection.sosmessage","right.task.filter","right.task.sort","right.task.detail","right.task.detail.read","right.task.detail.starttask","right.sensor.list","right.sensor.map","right.sensor.livestream","right.sensor.filter","right.sensor.sort","right.profile.read","right.profile.usergroups.authorization","right.detection","right.task","right.sensor","right.profile","right.pushnotification","right.detection.incominglist","right.task.outgoinglist","right.detection.outgoinglist","right.task.incominglist","right.task.attachments.list","right.alarm","right.alarm.list","right.alarm.map","right.alarm.filter"]}
2024-09-23 11:07:09.909 [main] INFO  com.apiTests.requests.user_controller.LoginTests - Status Code: 200
2024-09-23 11:07:10.022 [main] INFO  com.apiTests.serviceSteps.serviceSteps.LoginSteps - The system has been logged in with a valid username and password
2024-09-23 11:07:10.028 [main] INFO  com.apiTests.requests.HelperMethod - The user information in the 'userDataPath' JSON file was assigned to a string variable named 'userLoginData'
2024-09-23 11:07:10.032 [main] INFO  com.apiTests.serviceSteps.serviceSteps.LoginSteps - The username in the response matches the one in the request
2024-09-23 11:07:10.034 [main] INFO  com.apiTests.serviceSteps.serviceSteps.LoginSteps - The Access Token has been saved: eyJ0eXAiOiJKV1QiLCJhbGciOiJIUzUxMiJ9.eyJzdWIiOiIxOSIsImF1ZCI6ImFjY2VzcyIsInVzciI6IlNpc3RlbSBZw7ZuZXRpY2lzaSBBU0VMU0FOIiwiaXNzIjoiYXNlbHNhbi5rYXJkZWxlbiIsInJqdGkiOiJhNGJiNzJjYS01MjliLTQ0N2YtOTMxNi1mMWU0NWZjYWEzZGUiLCJleHAiOjE3MjcwNzk0MjQsImlhdCI6MTcyNzA3ODgyNCwianRpIjoiN2Y3NjEyODMtNjI4MS00MTM0LWE4ZWYtZmY5Nzg4Njg1MWJjIn0.ZCcCkxM-eAVbbhMZbyFPDkChd4lbS63sBzpOzDKKB7V5V58I4vp5UGC84cC0f8h2iD_DRbfnEDyCXIJnOGEIeQ
2024-09-23 11:07:10.067 [main] INFO  com.apiTests.requests.HelperMethod - The user information in the 'userDataPath' JSON file was assigned to a string variable named 'userLoginData'
2024-09-23 11:07:10.067 [main] INFO  com.apiTests.requests.user_controller.LoginTests - Request body loaded from: src/test/resources/jsonFilesLogin/validUsernameInvalidPassword.json
2024-09-23 11:07:10.406 [main] INFO  com.apiTests.requests.user_controller.LoginTests - Response received: User is unauthorized
2024-09-23 11:07:10.406 [main] INFO  com.apiTests.requests.user_controller.LoginTests - Status Code: 401
2024-09-23 11:07:10.406 [main] ERROR com.apiTests.requests.user_controller.LoginTests - Unexpected content type: text/plain;charset=UTF-8
2024-09-23 11:07:10.407 [main] ERROR com.apiTests.requests.user_controller.LoginTests - Response body: User is unauthorized
2024-09-23 11:07:10.407 [main] INFO  com.apiTests.serviceSteps.serviceSteps.LoginSteps - The system has not been logged in with a valid username and password
2024-09-23 11:16:55.773 [main] INFO  com.apiTests.requests.HelperMethod - The user information in the 'userDataPath' JSON file was assigned to a string variable named 'userLoginData'
2024-09-23 11:16:55.777 [main] INFO  com.apiTests.requests.user_controller.LoginTests - Request body loaded from: src/test/resources/jsonFilesLogin/validUsernameAndPassword.json
2024-09-23 11:16:57.335 [main] INFO  com.apiTests.requests.user_controller.LoginTests - Response received: {"user":{"name":"Sistem Yöneticisi","surname":"ASELSAN","username":"aselsan","detail":{"identityNumber":null,"email":null,"phoneNumber":null,"rank":null,"profilePicture":null,"supervisor":{"name":null,"surname":null}},"pushToken":null,"userLevelId":5,"userLevelName":"Aselsan","id":10},"tokenDetails":{"accessToken":"eyJ0eXAiOiJKV1QiLCJhbGciOiJIUzUxMiJ9.eyJzdWIiOiIxOSIsImF1ZCI6ImFjY2VzcyIsInVzciI6IlNpc3RlbSBZw7ZuZXRpY2lzaSBBU0VMU0FOIiwiaXNzIjoiYXNlbHNhbi5rYXJkZWxlbiIsInJqdGkiOiI5N2E1MTVkMy0zNGU4LTRjZmQtODcxZi04YTYyZDBjMTdmMTkiLCJleHAiOjE3MjcwODAwMTIsImlhdCI6MTcyNzA3OTQxMiwianRpIjoiYmVkZGUzMWQtNWVkZS00Mzc1LWE0ZTAtZDE3ZDU2NTQ2Yzk3In0.jyPAo3nnTh3auv8d6tkdgKUK6BOJqrlRqmt_Z8XCR2pdWBKdW51QtGUkUMI-3iVFil_acCQfO2kLLiERxuzP8Q","refreshToken":"eyJ0eXAiOiJKV1QiLCJhbGciOiJIUzUxMiJ9.eyJzdWIiOiIxOSIsImF1ZCI6InJlZnJlc2giLCJpc3MiOiJhc2Vsc2FuLmthcmRlbGVuIiwiZXhwIjoxNzI3MTE1NDEyLCJpYXQiOjE3MjcwNzk0MTIsImp0aSI6Ijk3YTUxNWQzLTM0ZTgtNGNmZC04NzFmLThhNjJkMGMxN2YxOSJ9.kr7pin_yhThw1mmDVDI-TLY4bmzF0KCn6lO3pCTlhakbopVS7qSZGNwaTNMooEAnydXVM2UYKqBjflmZ-q9UrA"},"authorities":["right.detection.createdetection","right.detection.map","right.detection.detail","right.detection.detail.read","right.detection.detail.update","right.detection.filter","right.detection.sort","right.detection.sosmessage","right.task.filter","right.task.sort","right.task.detail","right.task.detail.read","right.task.detail.starttask","right.sensor.list","right.sensor.map","right.sensor.livestream","right.sensor.filter","right.sensor.sort","right.profile.read","right.profile.usergroups.authorization","right.detection","right.task","right.sensor","right.profile","right.pushnotification","right.detection.incominglist","right.task.outgoinglist","right.detection.outgoinglist","right.task.incominglist","right.task.attachments.list","right.alarm","right.alarm.list","right.alarm.map","right.alarm.filter"]}
2024-09-23 11:16:57.336 [main] INFO  com.apiTests.requests.user_controller.LoginTests - Status Code: 200
2024-09-23 11:16:57.446 [main] INFO  com.apiTests.serviceSteps.serviceSteps.LoginSteps - The system has been logged in with a valid username and password
2024-09-23 11:16:57.461 [main] INFO  com.apiTests.requests.HelperMethod - The user information in the 'userDataPath' JSON file was assigned to a string variable named 'userLoginData'
2024-09-23 11:16:57.461 [main] INFO  com.apiTests.serviceSteps.serviceSteps.LoginSteps - The username in the response matches the one in the request
2024-09-23 11:16:57.461 [main] INFO  com.apiTests.serviceSteps.serviceSteps.LoginSteps - The Access Token has been saved: eyJ0eXAiOiJKV1QiLCJhbGciOiJIUzUxMiJ9.eyJzdWIiOiIxOSIsImF1ZCI6ImFjY2VzcyIsInVzciI6IlNpc3RlbSBZw7ZuZXRpY2lzaSBBU0VMU0FOIiwiaXNzIjoiYXNlbHNhbi5rYXJkZWxlbiIsInJqdGkiOiI5N2E1MTVkMy0zNGU4LTRjZmQtODcxZi04YTYyZDBjMTdmMTkiLCJleHAiOjE3MjcwODAwMTIsImlhdCI6MTcyNzA3OTQxMiwianRpIjoiYmVkZGUzMWQtNWVkZS00Mzc1LWE0ZTAtZDE3ZDU2NTQ2Yzk3In0.jyPAo3nnTh3auv8d6tkdgKUK6BOJqrlRqmt_Z8XCR2pdWBKdW51QtGUkUMI-3iVFil_acCQfO2kLLiERxuzP8Q
2024-09-23 11:16:57.518 [main] INFO  com.apiTests.requests.HelperMethod - The user information in the 'userDataPath' JSON file was assigned to a string variable named 'userLoginData'
2024-09-23 11:16:57.518 [main] INFO  com.apiTests.requests.user_controller.LoginTests - Request body loaded from: src/test/resources/jsonFilesLogin/validUsernameInvalidPassword.json
2024-09-23 11:16:57.832 [main] INFO  com.apiTests.requests.user_controller.LoginTests - Response received: User is unauthorized
2024-09-23 11:16:57.832 [main] INFO  com.apiTests.requests.user_controller.LoginTests - Status Code: 401
2024-09-23 11:16:57.833 [main] ERROR com.apiTests.requests.user_controller.LoginTests - Unexpected content type: text/plain;charset=UTF-8
2024-09-23 11:16:57.834 [main] ERROR com.apiTests.requests.user_controller.LoginTests - Response body: User is unauthorized
2024-09-23 11:16:57.834 [main] INFO  com.apiTests.serviceSteps.serviceSteps.LoginSteps - The system has not been logged in with a valid username and password
2024-09-23 11:16:57.845 [main] INFO  com.apiTests.requests.HelperMethod - The user information in the 'userDataPath' JSON file was assigned to a string variable named 'userLoginData'
2024-09-23 11:16:57.846 [main] INFO  com.apiTests.requests.user_controller.LoginTests - Request body loaded from: src/test/resources/jsonFilesLogin/validUsernameAndEmptyPassword.json
2024-09-23 11:16:58.671 [main] INFO  com.apiTests.requests.user_controller.LoginTests - Response received: User is unauthorized
2024-09-23 11:16:58.671 [main] INFO  com.apiTests.requests.user_controller.LoginTests - Status Code: 401
2024-09-23 11:16:58.671 [main] ERROR com.apiTests.requests.user_controller.LoginTests - Unexpected content type: text/plain;charset=UTF-8
2024-09-23 11:16:58.671 [main] ERROR com.apiTests.requests.user_controller.LoginTests - Response body: User is unauthorized
2024-09-23 11:16:58.672 [main] INFO  com.apiTests.serviceSteps.serviceSteps.LoginSteps - The system has not been logged in with a valid username and password
2024-09-23 11:21:23.451 [main] INFO  com.apiTests.requests.HelperMethod - The user information in the 'userDataPath' JSON file was assigned to a string variable named 'userLoginData'
2024-09-23 11:21:23.454 [main] INFO  com.apiTests.requests.user_controller.LoginTests - Request body loaded from: src/test/resources/jsonFilesLogin/validUsernameAndPassword.json
2024-09-23 11:21:25.303 [main] INFO  com.apiTests.requests.user_controller.LoginTests - Response received: {"user":{"name":"Sistem Yöneticisi","surname":"ASELSAN","username":"aselsan","detail":{"identityNumber":null,"email":null,"phoneNumber":null,"rank":null,"profilePicture":null,"supervisor":{"name":null,"surname":null}},"pushToken":null,"userLevelId":5,"userLevelName":"Aselsan","id":10},"tokenDetails":{"accessToken":"eyJ0eXAiOiJKV1QiLCJhbGciOiJIUzUxMiJ9.eyJzdWIiOiIxOSIsImF1ZCI6ImFjY2VzcyIsInVzciI6IlNpc3RlbSBZw7ZuZXRpY2lzaSBBU0VMU0FOIiwiaXNzIjoiYXNlbHNhbi5rYXJkZWxlbiIsInJqdGkiOiJmMjI1NDU4ZC02NDZlLTQyZGEtYTdmNC0wOWQ0M2Q0MDU2MWMiLCJleHAiOjE3MjcwODAyODAsImlhdCI6MTcyNzA3OTY4MCwianRpIjoiYzZmYTAwNzUtMTAzOS00MWI4LThmNjItMGQyNzA3Yjk0NWUwIn0.Bneag36bXKDplCB2ik_IkIsEht1ekNZVJdZX81eStQ9CZCLGDp-Un-OdwIKDbPXSKY6HIDnBDqFPegXUr11Tog","refreshToken":"eyJ0eXAiOiJKV1QiLCJhbGciOiJIUzUxMiJ9.eyJzdWIiOiIxOSIsImF1ZCI6InJlZnJlc2giLCJpc3MiOiJhc2Vsc2FuLmthcmRlbGVuIiwiZXhwIjoxNzI3MTE1NjgwLCJpYXQiOjE3MjcwNzk2ODAsImp0aSI6ImYyMjU0NThkLTY0NmUtNDJkYS1hN2Y0LTA5ZDQzZDQwNTYxYyJ9.kJezVYDPT-B_2fm0qBJxZGEehtH1WLzCwpjPVcb1G8muSBxkOZZAzNK9BrGp9M_oGaPiadp4WclwDdb_pTGw8A"},"authorities":["right.detection.createdetection","right.detection.map","right.detection.detail","right.detection.detail.read","right.detection.detail.update","right.detection.filter","right.detection.sort","right.detection.sosmessage","right.task.filter","right.task.sort","right.task.detail","right.task.detail.read","right.task.detail.starttask","right.sensor.list","right.sensor.map","right.sensor.livestream","right.sensor.filter","right.sensor.sort","right.profile.read","right.profile.usergroups.authorization","right.detection","right.task","right.sensor","right.profile","right.pushnotification","right.detection.incominglist","right.task.outgoinglist","right.detection.outgoinglist","right.task.incominglist","right.task.attachments.list","right.alarm","right.alarm.list","right.alarm.map","right.alarm.filter"]}
2024-09-23 11:21:25.304 [main] INFO  com.apiTests.requests.user_controller.LoginTests - Status Code: 200
2024-09-23 11:21:25.431 [main] INFO  com.apiTests.serviceSteps.serviceSteps.LoginSteps - The system has been logged in with a valid username and password
2024-09-23 11:21:25.438 [main] INFO  com.apiTests.requests.HelperMethod - The user information in the 'userDataPath' JSON file was assigned to a string variable named 'userLoginData'
2024-09-23 11:21:25.444 [main] INFO  com.apiTests.serviceSteps.serviceSteps.LoginSteps - The username in the response matches the one in the request
2024-09-23 11:21:25.449 [main] INFO  com.apiTests.serviceSteps.serviceSteps.LoginSteps - The Access Token has been saved: eyJ0eXAiOiJKV1QiLCJhbGciOiJIUzUxMiJ9.eyJzdWIiOiIxOSIsImF1ZCI6ImFjY2VzcyIsInVzciI6IlNpc3RlbSBZw7ZuZXRpY2lzaSBBU0VMU0FOIiwiaXNzIjoiYXNlbHNhbi5rYXJkZWxlbiIsInJqdGkiOiJmMjI1NDU4ZC02NDZlLTQyZGEtYTdmNC0wOWQ0M2Q0MDU2MWMiLCJleHAiOjE3MjcwODAyODAsImlhdCI6MTcyNzA3OTY4MCwianRpIjoiYzZmYTAwNzUtMTAzOS00MWI4LThmNjItMGQyNzA3Yjk0NWUwIn0.Bneag36bXKDplCB2ik_IkIsEht1ekNZVJdZX81eStQ9CZCLGDp-Un-OdwIKDbPXSKY6HIDnBDqFPegXUr11Tog
2024-09-23 11:21:25.543 [main] INFO  com.apiTests.requests.HelperMethod - The user information in the 'userDataPath' JSON file was assigned to a string variable named 'userLoginData'
2024-09-23 11:21:25.543 [main] INFO  com.apiTests.requests.user_controller.LoginTests - Request body loaded from: src/test/resources/jsonFilesLogin/validUsernameInvalidPassword.json
2024-09-23 11:21:25.894 [main] INFO  com.apiTests.requests.user_controller.LoginTests - Response received: User is unauthorized
2024-09-23 11:21:25.895 [main] INFO  com.apiTests.requests.user_controller.LoginTests - Status Code: 401
2024-09-23 11:21:25.895 [main] ERROR com.apiTests.requests.user_controller.LoginTests - Unexpected content type: text/plain;charset=UTF-8
2024-09-23 11:21:25.896 [main] ERROR com.apiTests.requests.user_controller.LoginTests - Response body: User is unauthorized
2024-09-23 11:21:25.896 [main] INFO  com.apiTests.serviceSteps.serviceSteps.LoginSteps - The system has not been logged in with a valid username and password
2024-09-23 11:21:25.911 [main] INFO  com.apiTests.requests.HelperMethod - The user information in the 'userDataPath' JSON file was assigned to a string variable named 'userLoginData'
2024-09-23 11:21:25.911 [main] INFO  com.apiTests.requests.user_controller.LoginTests - Request body loaded from: src/test/resources/jsonFilesLogin/validUsernameAndEmptyPassword.json
2024-09-23 11:21:26.178 [main] INFO  com.apiTests.requests.user_controller.LoginTests - Response received: User is unauthorized
2024-09-23 11:21:26.179 [main] INFO  com.apiTests.requests.user_controller.LoginTests - Status Code: 401
2024-09-23 11:21:26.179 [main] ERROR com.apiTests.requests.user_controller.LoginTests - Unexpected content type: text/plain;charset=UTF-8
2024-09-23 11:21:26.180 [main] ERROR com.apiTests.requests.user_controller.LoginTests - Response body: User is unauthorized
2024-09-23 11:21:26.180 [main] INFO  com.apiTests.serviceSteps.serviceSteps.LoginSteps - The system has not been logged in with a valid username and password
2024-09-23 11:24:59.366 [main] INFO  com.apiTests.requests.HelperMethod - The user information in the 'userDataPath' JSON file was assigned to a string variable named 'userLoginData'
2024-09-23 11:24:59.369 [main] INFO  com.apiTests.requests.user_controller.LoginTests - Request body loaded from: src/test/resources/jsonFilesLogin/validUsernameAndPassword.json
2024-09-23 11:25:01.242 [main] INFO  com.apiTests.requests.user_controller.LoginTests - Response received: {"user":{"name":"Sistem Yöneticisi","surname":"ASELSAN","username":"aselsan","detail":{"identityNumber":null,"email":null,"phoneNumber":null,"rank":null,"profilePicture":null,"supervisor":{"name":null,"surname":null}},"pushToken":null,"userLevelId":5,"userLevelName":"Aselsan","id":10},"tokenDetails":{"accessToken":"eyJ0eXAiOiJKV1QiLCJhbGciOiJIUzUxMiJ9.eyJzdWIiOiIxOSIsImF1ZCI6ImFjY2VzcyIsInVzciI6IlNpc3RlbSBZw7ZuZXRpY2lzaSBBU0VMU0FOIiwiaXNzIjoiYXNlbHNhbi5rYXJkZWxlbiIsInJqdGkiOiJiZTE1MzZlNi0xMjBlLTRjYjctOTc1Ni0xNTQwZjQ3ZDU5OWIiLCJleHAiOjE3MjcwODA0OTYsImlhdCI6MTcyNzA3OTg5NiwianRpIjoiMzQwODMxZmItMTYyNC00YTBkLTg0ZWQtOTE5ZjBmMWRjNDUyIn0.0cR5tgbt5kaibk7_v5cSyhTuTsqxDObDlD847ZsLQYBsR9uKGy7BtYBkmE7fHw7tqloOg1qH0D9rjrJwd4mgnQ","refreshToken":"eyJ0eXAiOiJKV1QiLCJhbGciOiJIUzUxMiJ9.eyJzdWIiOiIxOSIsImF1ZCI6InJlZnJlc2giLCJpc3MiOiJhc2Vsc2FuLmthcmRlbGVuIiwiZXhwIjoxNzI3MTE1ODk2LCJpYXQiOjE3MjcwNzk4OTYsImp0aSI6ImJlMTUzNmU2LTEyMGUtNGNiNy05NzU2LTE1NDBmNDdkNTk5YiJ9.Z8rDpFSzt5KVkxxlcDdkp6wqnWwmqHL_IJ46He8THl3EMn9wGS-AzZlDiaueG3fNx7LGVjZZW34Y66w0lsLnsg"},"authorities":["right.detection.createdetection","right.detection.map","right.detection.detail","right.detection.detail.read","right.detection.detail.update","right.detection.filter","right.detection.sort","right.detection.sosmessage","right.task.filter","right.task.sort","right.task.detail","right.task.detail.read","right.task.detail.starttask","right.sensor.list","right.sensor.map","right.sensor.livestream","right.sensor.filter","right.sensor.sort","right.profile.read","right.profile.usergroups.authorization","right.detection","right.task","right.sensor","right.profile","right.pushnotification","right.detection.incominglist","right.task.outgoinglist","right.detection.outgoinglist","right.task.incominglist","right.task.attachments.list","right.alarm","right.alarm.list","right.alarm.map","right.alarm.filter"]}
2024-09-23 11:25:01.243 [main] INFO  com.apiTests.requests.user_controller.LoginTests - Status Code: 200
2024-09-23 11:25:01.340 [main] INFO  com.apiTests.serviceSteps.serviceSteps.LoginSteps - The system has been logged in with a valid username and password
2024-09-23 11:25:01.348 [main] INFO  com.apiTests.requests.HelperMethod - The user information in the 'userDataPath' JSON file was assigned to a string variable named 'userLoginData'
2024-09-23 11:25:01.354 [main] INFO  com.apiTests.serviceSteps.serviceSteps.LoginSteps - The username in the response matches the one in the request
2024-09-23 11:25:01.356 [main] INFO  com.apiTests.serviceSteps.serviceSteps.LoginSteps - The Access Token has been saved: eyJ0eXAiOiJKV1QiLCJhbGciOiJIUzUxMiJ9.eyJzdWIiOiIxOSIsImF1ZCI6ImFjY2VzcyIsInVzciI6IlNpc3RlbSBZw7ZuZXRpY2lzaSBBU0VMU0FOIiwiaXNzIjoiYXNlbHNhbi5rYXJkZWxlbiIsInJqdGkiOiJiZTE1MzZlNi0xMjBlLTRjYjctOTc1Ni0xNTQwZjQ3ZDU5OWIiLCJleHAiOjE3MjcwODA0OTYsImlhdCI6MTcyNzA3OTg5NiwianRpIjoiMzQwODMxZmItMTYyNC00YTBkLTg0ZWQtOTE5ZjBmMWRjNDUyIn0.0cR5tgbt5kaibk7_v5cSyhTuTsqxDObDlD847ZsLQYBsR9uKGy7BtYBkmE7fHw7tqloOg1qH0D9rjrJwd4mgnQ
2024-09-23 11:25:01.430 [main] INFO  com.apiTests.requests.HelperMethod - The user information in the 'userDataPath' JSON file was assigned to a string variable named 'userLoginData'
2024-09-23 11:25:01.431 [main] INFO  com.apiTests.requests.user_controller.LoginTests - Request body loaded from: src/test/resources/jsonFilesLogin/validUsernameInvalidPassword.json
2024-09-23 11:25:01.715 [main] INFO  com.apiTests.requests.user_controller.LoginTests - Response received: User is unauthorized
2024-09-23 11:25:01.715 [main] INFO  com.apiTests.requests.user_controller.LoginTests - Status Code: 401
2024-09-23 11:25:01.715 [main] ERROR com.apiTests.requests.user_controller.LoginTests - Unexpected content type: text/plain;charset=UTF-8
2024-09-23 11:25:01.715 [main] ERROR com.apiTests.requests.user_controller.LoginTests - Response body: User is unauthorized
2024-09-23 11:25:01.715 [main] INFO  com.apiTests.serviceSteps.serviceSteps.LoginSteps - The system has not been logged in with a valid username and password
2024-09-23 11:25:01.734 [main] INFO  com.apiTests.requests.HelperMethod - The user information in the 'userDataPath' JSON file was assigned to a string variable named 'userLoginData'
2024-09-23 11:25:01.734 [main] INFO  com.apiTests.requests.user_controller.LoginTests - Request body loaded from: src/test/resources/jsonFilesLogin/validUsernameAndEmptyPassword.json
2024-09-23 11:25:01.965 [main] INFO  com.apiTests.requests.user_controller.LoginTests - Response received: User is unauthorized
2024-09-23 11:25:01.966 [main] INFO  com.apiTests.requests.user_controller.LoginTests - Status Code: 401
2024-09-23 11:25:01.966 [main] ERROR com.apiTests.requests.user_controller.LoginTests - Unexpected content type: text/plain;charset=UTF-8
2024-09-23 11:25:01.966 [main] ERROR com.apiTests.requests.user_controller.LoginTests - Response body: User is unauthorized
2024-09-23 11:25:01.966 [main] INFO  com.apiTests.serviceSteps.serviceSteps.LoginSteps - The system has not been logged in with a valid username and password
2024-09-23 15:08:30.848 [main] INFO  com.apiTests.requests.HelperMethod - The user information in the 'userDataPath' JSON file was assigned to a string variable named 'userLoginData'
2024-09-23 15:08:30.851 [main] INFO  com.apiTests.requests.user_controller.LoginTests - Request body loaded from: src/test/resources/jsonFilesLogin/validUsernameAndPassword.json
2024-09-23 15:08:32.685 [main] INFO  com.apiTests.requests.user_controller.LoginTests - Response received: {"user":{"name":"Sistem Yöneticisi","surname":"ASELSAN","username":"aselsan","detail":{"identityNumber":null,"email":null,"phoneNumber":null,"rank":null,"profilePicture":null,"supervisor":{"name":null,"surname":null}},"pushToken":null,"userLevelId":5,"userLevelName":"Aselsan","id":10},"tokenDetails":{"accessToken":"eyJ0eXAiOiJKV1QiLCJhbGciOiJIUzUxMiJ9.eyJzdWIiOiIxOSIsImF1ZCI6ImFjY2VzcyIsInVzciI6IlNpc3RlbSBZw7ZuZXRpY2lzaSBBU0VMU0FOIiwiaXNzIjoiYXNlbHNhbi5rYXJkZWxlbiIsInJqdGkiOiJiMTMzNmQ2OS05NjlmLTQ2NzItOThmMS02M2E2MTUyYTZjODQiLCJleHAiOjE3MjcwOTM5MDcsImlhdCI6MTcyNzA5MzMwNywianRpIjoiMzU1MzJhMDUtNGFjNS00NDRhLTgwNGQtNjdlNGNhMjkyNDg3In0.t0f6tGbExZJfqngcSQJ5LmLrQvED3JDQFjTsmlgDaTq8LsSWIFZDsFcc1ziWbzJtvxonlZA7skhlnLkcm6bCMg","refreshToken":"eyJ0eXAiOiJKV1QiLCJhbGciOiJIUzUxMiJ9.eyJzdWIiOiIxOSIsImF1ZCI6InJlZnJlc2giLCJpc3MiOiJhc2Vsc2FuLmthcmRlbGVuIiwiZXhwIjoxNzI3MTI5MzA3LCJpYXQiOjE3MjcwOTMzMDcsImp0aSI6ImIxMzM2ZDY5LTk2OWYtNDY3Mi05OGYxLTYzYTYxNTJhNmM4NCJ9._9cb1JHRCu6MV7-yk_xiqng-wKYhF4WRXpsyhhotG45b-NiEVMIG2ZcIQWEHdF9yDF-79sRbYEWQEfX6XQJpXw"},"authorities":["right.detection.createdetection","right.detection.map","right.detection.detail","right.detection.detail.read","right.detection.detail.update","right.detection.filter","right.detection.sort","right.detection.sosmessage","right.task.filter","right.task.sort","right.task.detail","right.task.detail.read","right.task.detail.starttask","right.sensor.list","right.sensor.map","right.sensor.livestream","right.sensor.filter","right.sensor.sort","right.profile.read","right.profile.usergroups.authorization","right.detection","right.task","right.sensor","right.profile","right.pushnotification","right.detection.incominglist","right.task.outgoinglist","right.detection.outgoinglist","right.task.incominglist","right.task.attachments.list","right.alarm","right.alarm.list","right.alarm.map","right.alarm.filter"]}
2024-09-23 15:08:32.685 [main] INFO  com.apiTests.requests.user_controller.LoginTests - Status Code: 200
2024-09-23 15:08:32.799 [main] INFO  com.apiTests.serviceSteps.serviceSteps.LoginSteps - The system has been logged in with a valid username and password
2024-09-23 15:08:32.807 [main] INFO  com.apiTests.requests.HelperMethod - The user information in the 'userDataPath' JSON file was assigned to a string variable named 'userLoginData'
2024-09-23 15:08:32.812 [main] INFO  com.apiTests.serviceSteps.serviceSteps.LoginSteps - The username in the response matches the one in the request
2024-09-23 15:08:32.819 [main] INFO  com.apiTests.serviceSteps.serviceSteps.LoginSteps - The Access Token has been saved: eyJ0eXAiOiJKV1QiLCJhbGciOiJIUzUxMiJ9.eyJzdWIiOiIxOSIsImF1ZCI6ImFjY2VzcyIsInVzciI6IlNpc3RlbSBZw7ZuZXRpY2lzaSBBU0VMU0FOIiwiaXNzIjoiYXNlbHNhbi5rYXJkZWxlbiIsInJqdGkiOiJiMTMzNmQ2OS05NjlmLTQ2NzItOThmMS02M2E2MTUyYTZjODQiLCJleHAiOjE3MjcwOTM5MDcsImlhdCI6MTcyNzA5MzMwNywianRpIjoiMzU1MzJhMDUtNGFjNS00NDRhLTgwNGQtNjdlNGNhMjkyNDg3In0.t0f6tGbExZJfqngcSQJ5LmLrQvED3JDQFjTsmlgDaTq8LsSWIFZDsFcc1ziWbzJtvxonlZA7skhlnLkcm6bCMg
2024-09-23 15:08:32.892 [main] INFO  com.apiTests.requests.HelperMethod - The user information in the 'userDataPath' JSON file was assigned to a string variable named 'userLoginData'
2024-09-23 15:08:32.892 [main] INFO  com.apiTests.requests.user_controller.LoginTests - Request body loaded from: src/test/resources/jsonFilesLogin/validUsernameInvalidPassword.json
2024-09-23 15:08:33.134 [main] INFO  com.apiTests.requests.user_controller.LoginTests - Response received: User is unauthorized
2024-09-23 15:08:33.135 [main] INFO  com.apiTests.requests.user_controller.LoginTests - Status Code: 401
2024-09-23 15:08:33.135 [main] ERROR com.apiTests.requests.user_controller.LoginTests - Unexpected content type: text/plain;charset=UTF-8
2024-09-23 15:08:33.135 [main] ERROR com.apiTests.requests.user_controller.LoginTests - Response body: User is unauthorized
2024-09-23 15:08:33.136 [main] INFO  com.apiTests.serviceSteps.serviceSteps.LoginSteps - The system has not been logged in with a valid username and password
2024-09-23 15:08:33.152 [main] INFO  com.apiTests.requests.HelperMethod - The user information in the 'userDataPath' JSON file was assigned to a string variable named 'userLoginData'
2024-09-23 15:08:33.153 [main] INFO  com.apiTests.requests.user_controller.LoginTests - Request body loaded from: src/test/resources/jsonFilesLogin/validUsernameAndEmptyPassword.json
2024-09-23 15:08:33.400 [main] INFO  com.apiTests.requests.user_controller.LoginTests - Response received: User is unauthorized
2024-09-23 15:08:33.400 [main] INFO  com.apiTests.requests.user_controller.LoginTests - Status Code: 401
2024-09-23 15:08:33.400 [main] ERROR com.apiTests.requests.user_controller.LoginTests - Unexpected content type: text/plain;charset=UTF-8
2024-09-23 15:08:33.400 [main] ERROR com.apiTests.requests.user_controller.LoginTests - Response body: User is unauthorized
2024-09-23 15:08:33.400 [main] INFO  com.apiTests.serviceSteps.serviceSteps.LoginSteps - The system has not been logged in with a valid username and empty password
2024-09-23 15:08:33.400 [main] INFO  com.apiTests.requests.HelperMethod - The user information in the 'userDataPath' JSON file was assigned to a string variable named 'userLoginData'
2024-09-23 15:08:33.400 [main] INFO  com.apiTests.requests.user_controller.LoginTests - Request body loaded from: src/test/resources/jsonFilesLogin/validUsernameAndPassword.json
2024-09-23 15:08:33.860 [main] INFO  com.apiTests.requests.user_controller.LoginTests - Response received: {"user":{"name":"Sistem Yöneticisi","surname":"ASELSAN","username":"aselsan","detail":{"identityNumber":null,"email":null,"phoneNumber":null,"rank":null,"profilePicture":null,"supervisor":{"name":null,"surname":null}},"pushToken":null,"userLevelId":5,"userLevelName":"Aselsan","id":10},"tokenDetails":{"accessToken":"eyJ0eXAiOiJKV1QiLCJhbGciOiJIUzUxMiJ9.eyJzdWIiOiIxOSIsImF1ZCI6ImFjY2VzcyIsInVzciI6IlNpc3RlbSBZw7ZuZXRpY2lzaSBBU0VMU0FOIiwiaXNzIjoiYXNlbHNhbi5rYXJkZWxlbiIsInJqdGkiOiI0ZTYyZmE2Yi0xYjAyLTQzNTgtYWRkMi1iZDRhOWIwM2M4M2MiLCJleHAiOjE3MjcwOTM5MDksImlhdCI6MTcyNzA5MzMwOSwianRpIjoiMDJhOWJiNTAtYTViYy00OTg4LWIwMTQtYThlMzUzN2NkODg5In0.4k7yyFjKhCQVshHOUIrYTRFeDTlPagiy4UZwi7pEx8SMpD5IguSP9NZGklZfLSw-IBmwJqGIpMzJR8Vcb4p4sw","refreshToken":"eyJ0eXAiOiJKV1QiLCJhbGciOiJIUzUxMiJ9.eyJzdWIiOiIxOSIsImF1ZCI6InJlZnJlc2giLCJpc3MiOiJhc2Vsc2FuLmthcmRlbGVuIiwiZXhwIjoxNzI3MTI5MzA5LCJpYXQiOjE3MjcwOTMzMDksImp0aSI6IjRlNjJmYTZiLTFiMDItNDM1OC1hZGQyLWJkNGE5YjAzYzgzYyJ9.PsafTux047QWErtP-DMarKW6VIw9kbCqoJxUNWoXG3eT_SwG7d8wZ-NOU732djqpOi6mxA9tNRLvKiSzMNxOKA"},"authorities":["right.detection.createdetection","right.detection.map","right.detection.detail","right.detection.detail.read","right.detection.detail.update","right.detection.filter","right.detection.sort","right.detection.sosmessage","right.task.filter","right.task.sort","right.task.detail","right.task.detail.read","right.task.detail.starttask","right.sensor.list","right.sensor.map","right.sensor.livestream","right.sensor.filter","right.sensor.sort","right.profile.read","right.profile.usergroups.authorization","right.detection","right.task","right.sensor","right.profile","right.pushnotification","right.detection.incominglist","right.task.outgoinglist","right.detection.outgoinglist","right.task.incominglist","right.task.attachments.list","right.alarm","right.alarm.list","right.alarm.map","right.alarm.filter"]}
2024-09-23 15:08:33.860 [main] INFO  com.apiTests.requests.user_controller.LoginTests - Status Code: 200
2024-09-23 15:08:33.869 [main] INFO  com.apiTests.serviceSteps.serviceSteps.LoginSteps - The system has been logged in with a valid username and password
2024-09-23 15:08:33.870 [main] INFO  com.apiTests.requests.HelperMethod - The user information in the 'userDataPath' JSON file was assigned to a string variable named 'userLoginData'
2024-09-23 15:08:33.870 [main] INFO  com.apiTests.serviceSteps.serviceSteps.LoginSteps - The username in the response matches the one in the request
2024-09-23 15:08:33.872 [main] INFO  com.apiTests.serviceSteps.serviceSteps.LoginSteps - The Access Token has been saved: eyJ0eXAiOiJKV1QiLCJhbGciOiJIUzUxMiJ9.eyJzdWIiOiIxOSIsImF1ZCI6ImFjY2VzcyIsInVzciI6IlNpc3RlbSBZw7ZuZXRpY2lzaSBBU0VMU0FOIiwiaXNzIjoiYXNlbHNhbi5rYXJkZWxlbiIsInJqdGkiOiI0ZTYyZmE2Yi0xYjAyLTQzNTgtYWRkMi1iZDRhOWIwM2M4M2MiLCJleHAiOjE3MjcwOTM5MDksImlhdCI6MTcyNzA5MzMwOSwianRpIjoiMDJhOWJiNTAtYTViYy00OTg4LWIwMTQtYThlMzUzN2NkODg5In0.4k7yyFjKhCQVshHOUIrYTRFeDTlPagiy4UZwi7pEx8SMpD5IguSP9NZGklZfLSw-IBmwJqGIpMzJR8Vcb4p4sw
2024-09-23 15:13:07.762 [main] INFO  com.apiTests.requests.HelperMethod - The user information in the 'userDataPath' JSON file was assigned to a string variable named 'userLoginData'
2024-09-23 15:13:07.765 [main] INFO  com.apiTests.requests.user_controller.LoginTests - Request body loaded from: src/test/resources/jsonFilesLogin/validUsernameAndPassword.json
2024-09-23 15:13:09.494 [main] INFO  com.apiTests.requests.user_controller.LoginTests - Response received: {"user":{"name":"Sistem Yöneticisi","surname":"ASELSAN","username":"aselsan","detail":{"identityNumber":null,"email":null,"phoneNumber":null,"rank":null,"profilePicture":null,"supervisor":{"name":null,"surname":null}},"pushToken":null,"userLevelId":5,"userLevelName":"Aselsan","id":10},"tokenDetails":{"accessToken":"eyJ0eXAiOiJKV1QiLCJhbGciOiJIUzUxMiJ9.eyJzdWIiOiIxOSIsImF1ZCI6ImFjY2VzcyIsInVzciI6IlNpc3RlbSBZw7ZuZXRpY2lzaSBBU0VMU0FOIiwiaXNzIjoiYXNlbHNhbi5rYXJkZWxlbiIsInJqdGkiOiIzNzk3MmZkOS05OWI3LTRiODAtOGMxMS04M2E0MGEyZTYyZTEiLCJleHAiOjE3MjcwOTQxODQsImlhdCI6MTcyNzA5MzU4NCwianRpIjoiZGJlMTFjNDktMmVmYS00NGYzLTk1NjctZTNmNzU4NGNmZjQzIn0.7NL_hDDUqKGFwjesDubJ3ZugkTWBuUoL7bu95zVHHcWcwGsqZNx7wcmoV5f6gJOIxHrGlGvbtvqkjtgk8vmo9w","refreshToken":"eyJ0eXAiOiJKV1QiLCJhbGciOiJIUzUxMiJ9.eyJzdWIiOiIxOSIsImF1ZCI6InJlZnJlc2giLCJpc3MiOiJhc2Vsc2FuLmthcmRlbGVuIiwiZXhwIjoxNzI3MTI5NTg0LCJpYXQiOjE3MjcwOTM1ODQsImp0aSI6IjM3OTcyZmQ5LTk5YjctNGI4MC04YzExLTgzYTQwYTJlNjJlMSJ9.2fkYXAlx7bs6hL0k-XAWvK6keFuNmzmuJH7Z7NM4Yi8066GVMbnusrMfuKf-MQLVDdLaswFXnkOXciPA3aDblQ"},"authorities":["right.detection.createdetection","right.detection.map","right.detection.detail","right.detection.detail.read","right.detection.detail.update","right.detection.filter","right.detection.sort","right.detection.sosmessage","right.task.filter","right.task.sort","right.task.detail","right.task.detail.read","right.task.detail.starttask","right.sensor.list","right.sensor.map","right.sensor.livestream","right.sensor.filter","right.sensor.sort","right.profile.read","right.profile.usergroups.authorization","right.detection","right.task","right.sensor","right.profile","right.pushnotification","right.detection.incominglist","right.task.outgoinglist","right.detection.outgoinglist","right.task.incominglist","right.task.attachments.list","right.alarm","right.alarm.list","right.alarm.map","right.alarm.filter"]}
2024-09-23 15:13:09.495 [main] INFO  com.apiTests.requests.user_controller.LoginTests - Status Code: 200
2024-09-23 15:13:09.617 [main] INFO  com.apiTests.serviceSteps.serviceSteps.LoginSteps - The system has been logged in with a valid username and password
2024-09-23 15:13:09.624 [main] INFO  com.apiTests.requests.HelperMethod - The user information in the 'userDataPath' JSON file was assigned to a string variable named 'userLoginData'
2024-09-23 15:13:09.629 [main] INFO  com.apiTests.serviceSteps.serviceSteps.LoginSteps - The username in the response matches the one in the request
2024-09-23 15:13:09.631 [main] INFO  com.apiTests.serviceSteps.serviceSteps.LoginSteps - The Access Token has been saved: eyJ0eXAiOiJKV1QiLCJhbGciOiJIUzUxMiJ9.eyJzdWIiOiIxOSIsImF1ZCI6ImFjY2VzcyIsInVzciI6IlNpc3RlbSBZw7ZuZXRpY2lzaSBBU0VMU0FOIiwiaXNzIjoiYXNlbHNhbi5rYXJkZWxlbiIsInJqdGkiOiIzNzk3MmZkOS05OWI3LTRiODAtOGMxMS04M2E0MGEyZTYyZTEiLCJleHAiOjE3MjcwOTQxODQsImlhdCI6MTcyNzA5MzU4NCwianRpIjoiZGJlMTFjNDktMmVmYS00NGYzLTk1NjctZTNmNzU4NGNmZjQzIn0.7NL_hDDUqKGFwjesDubJ3ZugkTWBuUoL7bu95zVHHcWcwGsqZNx7wcmoV5f6gJOIxHrGlGvbtvqkjtgk8vmo9w
2024-09-23 15:13:09.702 [main] INFO  com.apiTests.requests.HelperMethod - The user information in the 'userDataPath' JSON file was assigned to a string variable named 'userLoginData'
2024-09-23 15:13:09.702 [main] INFO  com.apiTests.requests.user_controller.LoginTests - Request body loaded from: src/test/resources/jsonFilesLogin/validUsernameInvalidPassword.json
2024-09-23 15:13:09.950 [main] INFO  com.apiTests.requests.user_controller.LoginTests - Response received: User is unauthorized
2024-09-23 15:13:09.950 [main] INFO  com.apiTests.requests.user_controller.LoginTests - Status Code: 401
2024-09-23 15:13:09.950 [main] ERROR com.apiTests.requests.user_controller.LoginTests - Unexpected content type: text/plain;charset=UTF-8
2024-09-23 15:13:09.950 [main] ERROR com.apiTests.requests.user_controller.LoginTests - Response body: User is unauthorized
2024-09-23 15:13:09.951 [main] INFO  com.apiTests.serviceSteps.serviceSteps.LoginSteps - The system has not been logged in with a valid username and password
2024-09-23 15:13:09.964 [main] INFO  com.apiTests.requests.HelperMethod - The user information in the 'userDataPath' JSON file was assigned to a string variable named 'userLoginData'
2024-09-23 15:13:09.964 [main] INFO  com.apiTests.requests.user_controller.LoginTests - Request body loaded from: src/test/resources/jsonFilesLogin/validUsernameAndEmptyPassword.json
2024-09-23 15:13:10.235 [main] INFO  com.apiTests.requests.user_controller.LoginTests - Response received: User is unauthorized
2024-09-23 15:13:10.235 [main] INFO  com.apiTests.requests.user_controller.LoginTests - Status Code: 401
2024-09-23 15:13:10.235 [main] ERROR com.apiTests.requests.user_controller.LoginTests - Unexpected content type: text/plain;charset=UTF-8
2024-09-23 15:13:10.235 [main] ERROR com.apiTests.requests.user_controller.LoginTests - Response body: User is unauthorized
2024-09-23 15:13:10.236 [main] INFO  com.apiTests.serviceSteps.serviceSteps.LoginSteps - The system has not been logged in with a valid username and empty password
2024-09-23 15:13:10.245 [main] INFO  com.apiTests.requests.HelperMethod - The user information in the 'userDataPath' JSON file was assigned to a string variable named 'userLoginData'
2024-09-23 15:13:10.245 [main] INFO  com.apiTests.requests.user_controller.LoginTests - Request body loaded from: src/test/resources/jsonFilesLogin/validUsernameAndPassword.json
2024-09-23 15:13:10.724 [main] INFO  com.apiTests.requests.user_controller.LoginTests - Response received: {"user":{"name":"Sistem Yöneticisi","surname":"ASELSAN","username":"aselsan","detail":{"identityNumber":null,"email":null,"phoneNumber":null,"rank":null,"profilePicture":null,"supervisor":{"name":null,"surname":null}},"pushToken":null,"userLevelId":5,"userLevelName":"Aselsan","id":10},"tokenDetails":{"accessToken":"eyJ0eXAiOiJKV1QiLCJhbGciOiJIUzUxMiJ9.eyJzdWIiOiIxOSIsImF1ZCI6ImFjY2VzcyIsInVzciI6IlNpc3RlbSBZw7ZuZXRpY2lzaSBBU0VMU0FOIiwiaXNzIjoiYXNlbHNhbi5rYXJkZWxlbiIsInJqdGkiOiIwY2I0ZGZkYS02YzhkLTQ2NzAtYWM0MC0wNTlhZGJlZTkyNzMiLCJleHAiOjE3MjcwOTQxODYsImlhdCI6MTcyNzA5MzU4NiwianRpIjoiOGZlOTRkZTMtNjBhZS00NDJmLTk2MzgtZjllZWZmYzQ4MzcyIn0.QKbYlB0pblxsndq03MFAvtOqNJ_5BYkl43YxcjFkSpO37jMoo0jOE5AaIPQ38-mgAl18btm5t9Iaf0dA7FDp_g","refreshToken":"eyJ0eXAiOiJKV1QiLCJhbGciOiJIUzUxMiJ9.eyJzdWIiOiIxOSIsImF1ZCI6InJlZnJlc2giLCJpc3MiOiJhc2Vsc2FuLmthcmRlbGVuIiwiZXhwIjoxNzI3MTI5NTg2LCJpYXQiOjE3MjcwOTM1ODYsImp0aSI6IjBjYjRkZmRhLTZjOGQtNDY3MC1hYzQwLTA1OWFkYmVlOTI3MyJ9.zNH8TYKVqx4hQrvjU7B-kmnSDPNosSn72jAIZ-qHZxarJsi0OI9LQ1RtDbOUG5vUHpqr4i4wDB6ce-awvjA9YQ"},"authorities":["right.detection.createdetection","right.detection.map","right.detection.detail","right.detection.detail.read","right.detection.detail.update","right.detection.filter","right.detection.sort","right.detection.sosmessage","right.task.filter","right.task.sort","right.task.detail","right.task.detail.read","right.task.detail.starttask","right.sensor.list","right.sensor.map","right.sensor.livestream","right.sensor.filter","right.sensor.sort","right.profile.read","right.profile.usergroups.authorization","right.detection","right.task","right.sensor","right.profile","right.pushnotification","right.detection.incominglist","right.task.outgoinglist","right.detection.outgoinglist","right.task.incominglist","right.task.attachments.list","right.alarm","right.alarm.list","right.alarm.map","right.alarm.filter"]}
2024-09-23 15:13:10.725 [main] INFO  com.apiTests.requests.user_controller.LoginTests - Status Code: 200
2024-09-23 15:13:10.730 [main] INFO  com.apiTests.serviceSteps.serviceSteps.LoginSteps - The system has been logged in with a valid username and password
2024-09-23 15:13:10.731 [main] INFO  com.apiTests.requests.HelperMethod - The user information in the 'userDataPath' JSON file was assigned to a string variable named 'userLoginData'
2024-09-23 15:13:10.732 [main] INFO  com.apiTests.serviceSteps.serviceSteps.LoginSteps - The username in the response matches the one in the request
2024-09-23 15:13:10.733 [main] INFO  com.apiTests.serviceSteps.serviceSteps.LoginSteps - The Access Token has been saved: eyJ0eXAiOiJKV1QiLCJhbGciOiJIUzUxMiJ9.eyJzdWIiOiIxOSIsImF1ZCI6ImFjY2VzcyIsInVzciI6IlNpc3RlbSBZw7ZuZXRpY2lzaSBBU0VMU0FOIiwiaXNzIjoiYXNlbHNhbi5rYXJkZWxlbiIsInJqdGkiOiIwY2I0ZGZkYS02YzhkLTQ2NzAtYWM0MC0wNTlhZGJlZTkyNzMiLCJleHAiOjE3MjcwOTQxODYsImlhdCI6MTcyNzA5MzU4NiwianRpIjoiOGZlOTRkZTMtNjBhZS00NDJmLTk2MzgtZjllZWZmYzQ4MzcyIn0.QKbYlB0pblxsndq03MFAvtOqNJ_5BYkl43YxcjFkSpO37jMoo0jOE5AaIPQ38-mgAl18btm5t9Iaf0dA7FDp_g
2024-09-23 15:16:42.785 [main] INFO  com.apiTests.requests.HelperMethod - The user information in the 'userDataPath' JSON file was assigned to a string variable named 'userLoginData'
2024-09-23 15:16:42.790 [main] INFO  com.apiTests.requests.user_controller.LoginTests - Request body loaded from: src/test/resources/jsonFilesLogin/validUsernameAndPassword.json
2024-09-23 15:16:44.283 [main] INFO  com.apiTests.requests.user_controller.LoginTests - Response received: {"user":{"name":"Sistem Yöneticisi","surname":"ASELSAN","username":"aselsan","detail":{"identityNumber":null,"email":null,"phoneNumber":null,"rank":null,"profilePicture":null,"supervisor":{"name":null,"surname":null}},"pushToken":null,"userLevelId":5,"userLevelName":"Aselsan","id":10},"tokenDetails":{"accessToken":"eyJ0eXAiOiJKV1QiLCJhbGciOiJIUzUxMiJ9.eyJzdWIiOiIxOSIsImF1ZCI6ImFjY2VzcyIsInVzciI6IlNpc3RlbSBZw7ZuZXRpY2lzaSBBU0VMU0FOIiwiaXNzIjoiYXNlbHNhbi5rYXJkZWxlbiIsInJqdGkiOiJiYjVmYWRiZS04NzU2LTQ0MTMtYWU0Ni1kNTZiZTBkMzM0N2IiLCJleHAiOjE3MjcwOTQzOTksImlhdCI6MTcyNzA5Mzc5OSwianRpIjoiNGYwYTM3Y2ItNDAyMi00NWRjLWJmZWYtZWVmMDJlMzIyYWMzIn0.3m22faUpCEjEodev511LNNIWFEe0iu0dsT3pOmS9i6uvWuiZxkW6243lIAl0Uj9zfEdTsLn6OANxmp6wnU1-eA","refreshToken":"eyJ0eXAiOiJKV1QiLCJhbGciOiJIUzUxMiJ9.eyJzdWIiOiIxOSIsImF1ZCI6InJlZnJlc2giLCJpc3MiOiJhc2Vsc2FuLmthcmRlbGVuIiwiZXhwIjoxNzI3MTI5Nzk5LCJpYXQiOjE3MjcwOTM3OTksImp0aSI6ImJiNWZhZGJlLTg3NTYtNDQxMy1hZTQ2LWQ1NmJlMGQzMzQ3YiJ9.ZIn6CKAVWK40GsAGd0yk6Hqv1dnX8mhjzPpRbLRQh_SqXTOsNuH9BYkf-WUBUVPTRDFAMtSysmxX3jyb3SH2Jg"},"authorities":["right.detection.createdetection","right.detection.map","right.detection.detail","right.detection.detail.read","right.detection.detail.update","right.detection.filter","right.detection.sort","right.detection.sosmessage","right.task.filter","right.task.sort","right.task.detail","right.task.detail.read","right.task.detail.starttask","right.sensor.list","right.sensor.map","right.sensor.livestream","right.sensor.filter","right.sensor.sort","right.profile.read","right.profile.usergroups.authorization","right.detection","right.task","right.sensor","right.profile","right.pushnotification","right.detection.incominglist","right.task.outgoinglist","right.detection.outgoinglist","right.task.incominglist","right.task.attachments.list","right.alarm","right.alarm.list","right.alarm.map","right.alarm.filter"]}
2024-09-23 15:16:44.283 [main] INFO  com.apiTests.requests.user_controller.LoginTests - Status Code: 200
2024-09-23 15:16:44.385 [main] INFO  com.apiTests.serviceSteps.serviceSteps.LoginSteps - The system has been logged in with a valid username and password
2024-09-23 15:16:44.393 [main] INFO  com.apiTests.requests.HelperMethod - The user information in the 'userDataPath' JSON file was assigned to a string variable named 'userLoginData'
2024-09-23 15:16:44.398 [main] INFO  com.apiTests.serviceSteps.serviceSteps.LoginSteps - The username in the response matches the one in the request
2024-09-23 15:16:44.400 [main] INFO  com.apiTests.serviceSteps.serviceSteps.LoginSteps - The Access Token has been saved: eyJ0eXAiOiJKV1QiLCJhbGciOiJIUzUxMiJ9.eyJzdWIiOiIxOSIsImF1ZCI6ImFjY2VzcyIsInVzciI6IlNpc3RlbSBZw7ZuZXRpY2lzaSBBU0VMU0FOIiwiaXNzIjoiYXNlbHNhbi5rYXJkZWxlbiIsInJqdGkiOiJiYjVmYWRiZS04NzU2LTQ0MTMtYWU0Ni1kNTZiZTBkMzM0N2IiLCJleHAiOjE3MjcwOTQzOTksImlhdCI6MTcyNzA5Mzc5OSwianRpIjoiNGYwYTM3Y2ItNDAyMi00NWRjLWJmZWYtZWVmMDJlMzIyYWMzIn0.3m22faUpCEjEodev511LNNIWFEe0iu0dsT3pOmS9i6uvWuiZxkW6243lIAl0Uj9zfEdTsLn6OANxmp6wnU1-eA
2024-09-23 15:16:44.474 [main] INFO  com.apiTests.requests.HelperMethod - The user information in the 'userDataPath' JSON file was assigned to a string variable named 'userLoginData'
2024-09-23 15:16:44.475 [main] INFO  com.apiTests.requests.user_controller.LoginTests - Request body loaded from: src/test/resources/jsonFilesLogin/validUsernameInvalidPassword.json
2024-09-23 15:16:44.727 [main] INFO  com.apiTests.requests.user_controller.LoginTests - Response received: User is unauthorized
2024-09-23 15:16:44.728 [main] INFO  com.apiTests.requests.user_controller.LoginTests - Status Code: 401
2024-09-23 15:16:44.728 [main] ERROR com.apiTests.requests.user_controller.LoginTests - Unexpected content type: text/plain;charset=UTF-8
2024-09-23 15:16:44.728 [main] ERROR com.apiTests.requests.user_controller.LoginTests - Response body: User is unauthorized
2024-09-23 15:16:44.728 [main] INFO  com.apiTests.serviceSteps.serviceSteps.LoginSteps - The system has not been logged in with a valid username and password
2024-09-23 15:16:44.741 [main] INFO  com.apiTests.requests.HelperMethod - The user information in the 'userDataPath' JSON file was assigned to a string variable named 'userLoginData'
2024-09-23 15:16:44.741 [main] INFO  com.apiTests.requests.user_controller.LoginTests - Request body loaded from: src/test/resources/jsonFilesLogin/validUsernameAndEmptyPassword.json
2024-09-23 15:16:45.010 [main] INFO  com.apiTests.requests.user_controller.LoginTests - Response received: User is unauthorized
2024-09-23 15:16:45.010 [main] INFO  com.apiTests.requests.user_controller.LoginTests - Status Code: 401
2024-09-23 15:16:45.011 [main] ERROR com.apiTests.requests.user_controller.LoginTests - Unexpected content type: text/plain;charset=UTF-8
2024-09-23 15:16:45.011 [main] ERROR com.apiTests.requests.user_controller.LoginTests - Response body: User is unauthorized
2024-09-23 15:16:45.011 [main] INFO  com.apiTests.serviceSteps.serviceSteps.LoginSteps - The system has not been logged in with a valid username and empty password
2024-09-23 15:16:45.028 [main] INFO  com.apiTests.requests.HelperMethod - The user information in the 'userDataPath' JSON file was assigned to a string variable named 'userLoginData'
2024-09-23 15:16:45.029 [main] INFO  com.apiTests.requests.user_controller.LoginTests - Request body loaded from: src/test/resources/jsonFilesLogin/validUsernameAndPassword.json
2024-09-23 15:16:45.705 [main] INFO  com.apiTests.requests.user_controller.LoginTests - Response received: {"user":{"name":"Sistem Yöneticisi","surname":"ASELSAN","username":"aselsan","detail":{"identityNumber":null,"email":null,"phoneNumber":null,"rank":null,"profilePicture":null,"supervisor":{"name":null,"surname":null}},"pushToken":null,"userLevelId":5,"userLevelName":"Aselsan","id":10},"tokenDetails":{"accessToken":"eyJ0eXAiOiJKV1QiLCJhbGciOiJIUzUxMiJ9.eyJzdWIiOiIxOSIsImF1ZCI6ImFjY2VzcyIsInVzciI6IlNpc3RlbSBZw7ZuZXRpY2lzaSBBU0VMU0FOIiwiaXNzIjoiYXNlbHNhbi5rYXJkZWxlbiIsInJqdGkiOiI0N2E4NGE0Mi1lZjVlLTQ1NWMtYmQ0Yy1mNTIyOWE3YzcxOTkiLCJleHAiOjE3MjcwOTQ0MDEsImlhdCI6MTcyNzA5MzgwMSwianRpIjoiZjEyMDZmMjItMjc0NS00MTBkLWJkOTItYjk1M2FiMjNjNTY2In0.x1VCHg27stdQjZ5LQbKfyC-Yzl_2-o_jvwbOatvZmAFuifWdU-1nkhonzb2Eg3GeSYJdsUKV1kr5R7zpe8nvZw","refreshToken":"eyJ0eXAiOiJKV1QiLCJhbGciOiJIUzUxMiJ9.eyJzdWIiOiIxOSIsImF1ZCI6InJlZnJlc2giLCJpc3MiOiJhc2Vsc2FuLmthcmRlbGVuIiwiZXhwIjoxNzI3MTI5ODAxLCJpYXQiOjE3MjcwOTM4MDEsImp0aSI6IjQ3YTg0YTQyLWVmNWUtNDU1Yy1iZDRjLWY1MjI5YTdjNzE5OSJ9.ZJRP4aeszQy8FOoU5-OMQHEfkpZGfncepRK6nKKvlwNFpLBvnojaVXRRtwRqTFoxyLLc7AILC63toAuGYNUTkA"},"authorities":["right.detection.createdetection","right.detection.map","right.detection.detail","right.detection.detail.read","right.detection.detail.update","right.detection.filter","right.detection.sort","right.detection.sosmessage","right.task.filter","right.task.sort","right.task.detail","right.task.detail.read","right.task.detail.starttask","right.sensor.list","right.sensor.map","right.sensor.livestream","right.sensor.filter","right.sensor.sort","right.profile.read","right.profile.usergroups.authorization","right.detection","right.task","right.sensor","right.profile","right.pushnotification","right.detection.incominglist","right.task.outgoinglist","right.detection.outgoinglist","right.task.incominglist","right.task.attachments.list","right.alarm","right.alarm.list","right.alarm.map","right.alarm.filter"]}
2024-09-23 15:16:45.705 [main] INFO  com.apiTests.requests.user_controller.LoginTests - Status Code: 200
2024-09-23 15:16:45.713 [main] INFO  com.apiTests.serviceSteps.serviceSteps.LoginSteps - The system has been logged in with a valid username and password
2024-09-23 15:16:45.714 [main] INFO  com.apiTests.requests.HelperMethod - The user information in the 'userDataPath' JSON file was assigned to a string variable named 'userLoginData'
2024-09-23 15:16:45.714 [main] INFO  com.apiTests.serviceSteps.serviceSteps.LoginSteps - The username in the response matches the one in the request
2024-09-23 15:16:45.715 [main] INFO  com.apiTests.serviceSteps.serviceSteps.LoginSteps - The Access Token has been saved: eyJ0eXAiOiJKV1QiLCJhbGciOiJIUzUxMiJ9.eyJzdWIiOiIxOSIsImF1ZCI6ImFjY2VzcyIsInVzciI6IlNpc3RlbSBZw7ZuZXRpY2lzaSBBU0VMU0FOIiwiaXNzIjoiYXNlbHNhbi5rYXJkZWxlbiIsInJqdGkiOiI0N2E4NGE0Mi1lZjVlLTQ1NWMtYmQ0Yy1mNTIyOWE3YzcxOTkiLCJleHAiOjE3MjcwOTQ0MDEsImlhdCI6MTcyNzA5MzgwMSwianRpIjoiZjEyMDZmMjItMjc0NS00MTBkLWJkOTItYjk1M2FiMjNjNTY2In0.x1VCHg27stdQjZ5LQbKfyC-Yzl_2-o_jvwbOatvZmAFuifWdU-1nkhonzb2Eg3GeSYJdsUKV1kr5R7zpe8nvZw
2024-09-23 15:20:00.525 [main] INFO  com.apiTests.requests.HelperMethod - The user information in the 'userDataPath' JSON file was assigned to a string variable named 'userLoginData'
2024-09-23 15:20:00.528 [main] INFO  com.apiTests.requests.user_controller.LoginTests - Request body loaded from: src/test/resources/jsonFilesLogin/validUsernameAndPassword.json
2024-09-23 15:20:02.607 [main] INFO  com.apiTests.requests.user_controller.LoginTests - Response received: {"user":{"name":"Sistem Yöneticisi","surname":"ASELSAN","username":"aselsan","detail":{"identityNumber":null,"email":null,"phoneNumber":null,"rank":null,"profilePicture":null,"supervisor":{"name":null,"surname":null}},"pushToken":null,"userLevelId":5,"userLevelName":"Aselsan","id":10},"tokenDetails":{"accessToken":"eyJ0eXAiOiJKV1QiLCJhbGciOiJIUzUxMiJ9.eyJzdWIiOiIxOSIsImF1ZCI6ImFjY2VzcyIsInVzciI6IlNpc3RlbSBZw7ZuZXRpY2lzaSBBU0VMU0FOIiwiaXNzIjoiYXNlbHNhbi5rYXJkZWxlbiIsInJqdGkiOiI4ZDViMWFhMC05YTZiLTRlYWEtODdlMS00MWU4YWMwZmU5NWYiLCJleHAiOjE3MjcwOTQ1OTcsImlhdCI6MTcyNzA5Mzk5NywianRpIjoiODc4NjY4YzYtMWNmZC00MjNkLWJkMzktYTM0NWE3NDA0ODcyIn0.j7PRC3tWQ6eNqZa5MA-Tvd_NHUmlvNj274eIV6nsPLraBcKojKQONgHKg9Cm_qiZe1pNL4f4baPkrDhADN7-Gw","refreshToken":"eyJ0eXAiOiJKV1QiLCJhbGciOiJIUzUxMiJ9.eyJzdWIiOiIxOSIsImF1ZCI6InJlZnJlc2giLCJpc3MiOiJhc2Vsc2FuLmthcmRlbGVuIiwiZXhwIjoxNzI3MTI5OTk3LCJpYXQiOjE3MjcwOTM5OTcsImp0aSI6IjhkNWIxYWEwLTlhNmItNGVhYS04N2UxLTQxZThhYzBmZTk1ZiJ9.SaWYFbw56ZLlaU3iHLWuhZNKHyO8jVC034WDuhwe1fpEF9YedyY1JskSaPSFvG00WFX06DpG3-T6_JRBuHShDA"},"authorities":["right.detection.createdetection","right.detection.map","right.detection.detail","right.detection.detail.read","right.detection.detail.update","right.detection.filter","right.detection.sort","right.detection.sosmessage","right.task.filter","right.task.sort","right.task.detail","right.task.detail.read","right.task.detail.starttask","right.sensor.list","right.sensor.map","right.sensor.livestream","right.sensor.filter","right.sensor.sort","right.profile.read","right.profile.usergroups.authorization","right.detection","right.task","right.sensor","right.profile","right.pushnotification","right.detection.incominglist","right.task.outgoinglist","right.detection.outgoinglist","right.task.incominglist","right.task.attachments.list","right.alarm","right.alarm.list","right.alarm.map","right.alarm.filter"]}
2024-09-23 15:20:02.607 [main] INFO  com.apiTests.requests.user_controller.LoginTests - Status Code: 200
2024-09-23 15:20:02.729 [main] INFO  com.apiTests.serviceSteps.serviceSteps.LoginSteps - The system has been logged in with a valid username and password
2024-09-23 15:20:02.737 [main] INFO  com.apiTests.requests.HelperMethod - The user information in the 'userDataPath' JSON file was assigned to a string variable named 'userLoginData'
2024-09-23 15:20:02.742 [main] INFO  com.apiTests.serviceSteps.serviceSteps.LoginSteps - The username in the response matches the one in the request
2024-09-23 15:20:02.744 [main] INFO  com.apiTests.serviceSteps.serviceSteps.LoginSteps - The Access Token has been saved: eyJ0eXAiOiJKV1QiLCJhbGciOiJIUzUxMiJ9.eyJzdWIiOiIxOSIsImF1ZCI6ImFjY2VzcyIsInVzciI6IlNpc3RlbSBZw7ZuZXRpY2lzaSBBU0VMU0FOIiwiaXNzIjoiYXNlbHNhbi5rYXJkZWxlbiIsInJqdGkiOiI4ZDViMWFhMC05YTZiLTRlYWEtODdlMS00MWU4YWMwZmU5NWYiLCJleHAiOjE3MjcwOTQ1OTcsImlhdCI6MTcyNzA5Mzk5NywianRpIjoiODc4NjY4YzYtMWNmZC00MjNkLWJkMzktYTM0NWE3NDA0ODcyIn0.j7PRC3tWQ6eNqZa5MA-Tvd_NHUmlvNj274eIV6nsPLraBcKojKQONgHKg9Cm_qiZe1pNL4f4baPkrDhADN7-Gw
2024-09-23 15:20:02.827 [main] INFO  com.apiTests.requests.HelperMethod - The user information in the 'userDataPath' JSON file was assigned to a string variable named 'userLoginData'
2024-09-23 15:20:02.827 [main] INFO  com.apiTests.requests.user_controller.LoginTests - Request body loaded from: src/test/resources/jsonFilesLogin/validUsernameInvalidPassword.json
2024-09-23 15:20:03.083 [main] INFO  com.apiTests.requests.user_controller.LoginTests - Response received: User is unauthorized
2024-09-23 15:20:03.083 [main] INFO  com.apiTests.requests.user_controller.LoginTests - Status Code: 401
2024-09-23 15:20:03.084 [main] ERROR com.apiTests.requests.user_controller.LoginTests - Unexpected content type: text/plain;charset=UTF-8
2024-09-23 15:20:03.084 [main] ERROR com.apiTests.requests.user_controller.LoginTests - Response body: User is unauthorized
2024-09-23 15:20:03.084 [main] INFO  com.apiTests.serviceSteps.serviceSteps.LoginSteps - The system has not been logged in with a valid username and password
2024-09-23 15:20:03.092 [main] INFO  com.apiTests.requests.HelperMethod - The user information in the 'userDataPath' JSON file was assigned to a string variable named 'userLoginData'
2024-09-23 15:20:03.092 [main] INFO  com.apiTests.requests.user_controller.LoginTests - Request body loaded from: src/test/resources/jsonFilesLogin/validUsernameAndEmptyPassword.json
2024-09-23 15:20:04.070 [main] INFO  com.apiTests.requests.user_controller.LoginTests - Response received: User is unauthorized
2024-09-23 15:20:04.070 [main] INFO  com.apiTests.requests.user_controller.LoginTests - Status Code: 401
2024-09-23 15:20:04.070 [main] ERROR com.apiTests.requests.user_controller.LoginTests - Unexpected content type: text/plain;charset=UTF-8
2024-09-23 15:20:04.071 [main] ERROR com.apiTests.requests.user_controller.LoginTests - Response body: User is unauthorized
2024-09-23 15:20:04.071 [main] INFO  com.apiTests.serviceSteps.serviceSteps.LoginSteps - The system has not been logged in with a valid username and empty password
2024-09-23 15:20:04.094 [main] INFO  com.apiTests.requests.HelperMethod - The user information in the 'userDataPath' JSON file was assigned to a string variable named 'userLoginData'
2024-09-23 15:20:04.095 [main] INFO  com.apiTests.requests.user_controller.LoginTests - Request body loaded from: src/test/resources/jsonFilesLogin/validUsernameAndPassword.json
2024-09-23 15:20:04.515 [main] INFO  com.apiTests.requests.user_controller.LoginTests - Response received: {"user":{"name":"Sistem Yöneticisi","surname":"ASELSAN","username":"aselsan","detail":{"identityNumber":null,"email":null,"phoneNumber":null,"rank":null,"profilePicture":null,"supervisor":{"name":null,"surname":null}},"pushToken":null,"userLevelId":5,"userLevelName":"Aselsan","id":10},"tokenDetails":{"accessToken":"eyJ0eXAiOiJKV1QiLCJhbGciOiJIUzUxMiJ9.eyJzdWIiOiIxOSIsImF1ZCI6ImFjY2VzcyIsInVzciI6IlNpc3RlbSBZw7ZuZXRpY2lzaSBBU0VMU0FOIiwiaXNzIjoiYXNlbHNhbi5rYXJkZWxlbiIsInJqdGkiOiIzYWZkMWNiYi03MzRhLTRlOTktYjk4NC0zYWRhZjU5OTEyMTMiLCJleHAiOjE3MjcwOTQ2MDAsImlhdCI6MTcyNzA5NDAwMCwianRpIjoiMWU3NThlMDktZGFjNi00MTY0LWE5M2MtM2ViZjQzNjg2NDYyIn0.cxrd7LzqzwOjeswyURBvvTKfCtViMIIj_SOEb-sKdpW-l2GbIeeqo1_40gVqpSgrzpc9wSQ9jvOJC3B6Ljwg8g","refreshToken":"eyJ0eXAiOiJKV1QiLCJhbGciOiJIUzUxMiJ9.eyJzdWIiOiIxOSIsImF1ZCI6InJlZnJlc2giLCJpc3MiOiJhc2Vsc2FuLmthcmRlbGVuIiwiZXhwIjoxNzI3MTMwMDAwLCJpYXQiOjE3MjcwOTQwMDAsImp0aSI6IjNhZmQxY2JiLTczNGEtNGU5OS1iOTg0LTNhZGFmNTk5MTIxMyJ9.r4K4eCt98pwtGNj4Rkuxt0y1f6O4o-scM4QDp-3Rlt8mBA-otJGMYn8RMrlJK3Y-O8Kc2ODQyWP2XZ0wy1t3pQ"},"authorities":["right.detection.createdetection","right.detection.map","right.detection.detail","right.detection.detail.read","right.detection.detail.update","right.detection.filter","right.detection.sort","right.detection.sosmessage","right.task.filter","right.task.sort","right.task.detail","right.task.detail.read","right.task.detail.starttask","right.sensor.list","right.sensor.map","right.sensor.livestream","right.sensor.filter","right.sensor.sort","right.profile.read","right.profile.usergroups.authorization","right.detection","right.task","right.sensor","right.profile","right.pushnotification","right.detection.incominglist","right.task.outgoinglist","right.detection.outgoinglist","right.task.incominglist","right.task.attachments.list","right.alarm","right.alarm.list","right.alarm.map","right.alarm.filter"]}
2024-09-23 15:20:04.516 [main] INFO  com.apiTests.requests.user_controller.LoginTests - Status Code: 200
2024-09-23 15:20:04.524 [main] INFO  com.apiTests.serviceSteps.serviceSteps.LoginSteps - The system has been logged in with a valid username and password
2024-09-23 15:20:04.526 [main] INFO  com.apiTests.requests.HelperMethod - The user information in the 'userDataPath' JSON file was assigned to a string variable named 'userLoginData'
2024-09-23 15:20:04.526 [main] INFO  com.apiTests.serviceSteps.serviceSteps.LoginSteps - The username in the response matches the one in the request
2024-09-23 15:20:04.528 [main] INFO  com.apiTests.serviceSteps.serviceSteps.LoginSteps - The Access Token has been saved: eyJ0eXAiOiJKV1QiLCJhbGciOiJIUzUxMiJ9.eyJzdWIiOiIxOSIsImF1ZCI6ImFjY2VzcyIsInVzciI6IlNpc3RlbSBZw7ZuZXRpY2lzaSBBU0VMU0FOIiwiaXNzIjoiYXNlbHNhbi5rYXJkZWxlbiIsInJqdGkiOiIzYWZkMWNiYi03MzRhLTRlOTktYjk4NC0zYWRhZjU5OTEyMTMiLCJleHAiOjE3MjcwOTQ2MDAsImlhdCI6MTcyNzA5NDAwMCwianRpIjoiMWU3NThlMDktZGFjNi00MTY0LWE5M2MtM2ViZjQzNjg2NDYyIn0.cxrd7LzqzwOjeswyURBvvTKfCtViMIIj_SOEb-sKdpW-l2GbIeeqo1_40gVqpSgrzpc9wSQ9jvOJC3B6Ljwg8g
2024-09-23 15:20:38.088 [main] INFO  com.apiTests.requests.HelperMethod - The user information in the 'userDataPath' JSON file was assigned to a string variable named 'userLoginData'
2024-09-23 15:20:38.092 [main] INFO  com.apiTests.requests.user_controller.LoginTests - Request body loaded from: src/test/resources/jsonFilesLogin/validUsernameAndPassword.json
2024-09-23 15:20:39.666 [main] INFO  com.apiTests.requests.user_controller.LoginTests - Response received: {"user":{"name":"Sistem Yöneticisi","surname":"ASELSAN","username":"aselsan","detail":{"identityNumber":null,"email":null,"phoneNumber":null,"rank":null,"profilePicture":null,"supervisor":{"name":null,"surname":null}},"pushToken":null,"userLevelId":5,"userLevelName":"Aselsan","id":10},"tokenDetails":{"accessToken":"eyJ0eXAiOiJKV1QiLCJhbGciOiJIUzUxMiJ9.eyJzdWIiOiIxOSIsImF1ZCI6ImFjY2VzcyIsInVzciI6IlNpc3RlbSBZw7ZuZXRpY2lzaSBBU0VMU0FOIiwiaXNzIjoiYXNlbHNhbi5rYXJkZWxlbiIsInJqdGkiOiI4YTQwZDJlMS1mOTQyLTQ4NTItYTE4ZC0xNjZjMzkwM2ZmZDUiLCJleHAiOjE3MjcwOTQ2MzUsImlhdCI6MTcyNzA5NDAzNSwianRpIjoiYmU2NGNjMjctODkyMy00Y2NjLWI2ZWItOTMxYjBlYWIzNDZkIn0.ZEyLMPRztipmeY2UHgd6lPGWf8LgHJfGPugDvNTajrQVJMjwYoIaYsiDLQ4TaovZfWSzAwEEhU7MBiTr_vg-Rw","refreshToken":"eyJ0eXAiOiJKV1QiLCJhbGciOiJIUzUxMiJ9.eyJzdWIiOiIxOSIsImF1ZCI6InJlZnJlc2giLCJpc3MiOiJhc2Vsc2FuLmthcmRlbGVuIiwiZXhwIjoxNzI3MTMwMDM1LCJpYXQiOjE3MjcwOTQwMzUsImp0aSI6IjhhNDBkMmUxLWY5NDItNDg1Mi1hMThkLTE2NmMzOTAzZmZkNSJ9.dxSyvWuVHpKsT6_q6KsM1qS524LyW-Z7WDD6QLu8-dY1IZANpDlZfWFwwGCqGGCe7MyKOkloHHiqgPTKuFuFVw"},"authorities":["right.detection.createdetection","right.detection.map","right.detection.detail","right.detection.detail.read","right.detection.detail.update","right.detection.filter","right.detection.sort","right.detection.sosmessage","right.task.filter","right.task.sort","right.task.detail","right.task.detail.read","right.task.detail.starttask","right.sensor.list","right.sensor.map","right.sensor.livestream","right.sensor.filter","right.sensor.sort","right.profile.read","right.profile.usergroups.authorization","right.detection","right.task","right.sensor","right.profile","right.pushnotification","right.detection.incominglist","right.task.outgoinglist","right.detection.outgoinglist","right.task.incominglist","right.task.attachments.list","right.alarm","right.alarm.list","right.alarm.map","right.alarm.filter"]}
2024-09-23 15:20:39.667 [main] INFO  com.apiTests.requests.user_controller.LoginTests - Status Code: 200
2024-09-23 15:20:39.768 [main] INFO  com.apiTests.serviceSteps.serviceSteps.LoginSteps - The system has been logged in with a valid username and password
2024-09-23 15:20:39.775 [main] INFO  com.apiTests.requests.HelperMethod - The user information in the 'userDataPath' JSON file was assigned to a string variable named 'userLoginData'
2024-09-23 15:20:39.779 [main] INFO  com.apiTests.serviceSteps.serviceSteps.LoginSteps - The username in the response matches the one in the request
2024-09-23 15:20:39.786 [main] INFO  com.apiTests.serviceSteps.serviceSteps.LoginSteps - The Access Token has been saved: eyJ0eXAiOiJKV1QiLCJhbGciOiJIUzUxMiJ9.eyJzdWIiOiIxOSIsImF1ZCI6ImFjY2VzcyIsInVzciI6IlNpc3RlbSBZw7ZuZXRpY2lzaSBBU0VMU0FOIiwiaXNzIjoiYXNlbHNhbi5rYXJkZWxlbiIsInJqdGkiOiI4YTQwZDJlMS1mOTQyLTQ4NTItYTE4ZC0xNjZjMzkwM2ZmZDUiLCJleHAiOjE3MjcwOTQ2MzUsImlhdCI6MTcyNzA5NDAzNSwianRpIjoiYmU2NGNjMjctODkyMy00Y2NjLWI2ZWItOTMxYjBlYWIzNDZkIn0.ZEyLMPRztipmeY2UHgd6lPGWf8LgHJfGPugDvNTajrQVJMjwYoIaYsiDLQ4TaovZfWSzAwEEhU7MBiTr_vg-Rw
2024-09-23 15:20:39.850 [main] INFO  com.apiTests.requests.HelperMethod - The user information in the 'userDataPath' JSON file was assigned to a string variable named 'userLoginData'
2024-09-23 15:20:39.850 [main] INFO  com.apiTests.requests.user_controller.LoginTests - Request body loaded from: src/test/resources/jsonFilesLogin/validUsernameInvalidPassword.json
2024-09-23 15:20:40.099 [main] INFO  com.apiTests.requests.user_controller.LoginTests - Response received: User is unauthorized
2024-09-23 15:20:40.099 [main] INFO  com.apiTests.requests.user_controller.LoginTests - Status Code: 401
2024-09-23 15:20:40.099 [main] ERROR com.apiTests.requests.user_controller.LoginTests - Unexpected content type: text/plain;charset=UTF-8
2024-09-23 15:20:40.100 [main] ERROR com.apiTests.requests.user_controller.LoginTests - Response body: User is unauthorized
2024-09-23 15:20:40.100 [main] INFO  com.apiTests.serviceSteps.serviceSteps.LoginSteps - The system has not been logged in with a valid username and password
2024-09-23 15:20:40.108 [main] INFO  com.apiTests.requests.HelperMethod - The user information in the 'userDataPath' JSON file was assigned to a string variable named 'userLoginData'
2024-09-23 15:20:40.108 [main] INFO  com.apiTests.requests.user_controller.LoginTests - Request body loaded from: src/test/resources/jsonFilesLogin/validUsernameAndEmptyPassword.json
2024-09-23 15:20:40.352 [main] INFO  com.apiTests.requests.user_controller.LoginTests - Response received: User is unauthorized
2024-09-23 15:20:40.352 [main] INFO  com.apiTests.requests.user_controller.LoginTests - Status Code: 401
2024-09-23 15:20:40.353 [main] ERROR com.apiTests.requests.user_controller.LoginTests - Unexpected content type: text/plain;charset=UTF-8
2024-09-23 15:20:40.353 [main] ERROR com.apiTests.requests.user_controller.LoginTests - Response body: User is unauthorized
2024-09-23 15:20:40.353 [main] INFO  com.apiTests.serviceSteps.serviceSteps.LoginSteps - The system has not been logged in with a valid username and empty password
2024-09-23 15:20:40.363 [main] INFO  com.apiTests.requests.HelperMethod - The user information in the 'userDataPath' JSON file was assigned to a string variable named 'userLoginData'
2024-09-23 15:20:40.363 [main] INFO  com.apiTests.requests.user_controller.LoginTests - Request body loaded from: src/test/resources/jsonFilesLogin/validUsernameAndPassword.json
2024-09-23 15:20:40.708 [main] INFO  com.apiTests.requests.user_controller.LoginTests - Response received: {"user":{"name":"Sistem Yöneticisi","surname":"ASELSAN","username":"aselsan","detail":{"identityNumber":null,"email":null,"phoneNumber":null,"rank":null,"profilePicture":null,"supervisor":{"name":null,"surname":null}},"pushToken":null,"userLevelId":5,"userLevelName":"Aselsan","id":10},"tokenDetails":{"accessToken":"eyJ0eXAiOiJKV1QiLCJhbGciOiJIUzUxMiJ9.eyJzdWIiOiIxOSIsImF1ZCI6ImFjY2VzcyIsInVzciI6IlNpc3RlbSBZw7ZuZXRpY2lzaSBBU0VMU0FOIiwiaXNzIjoiYXNlbHNhbi5rYXJkZWxlbiIsInJqdGkiOiI5YTM0ZTYzMS03NDQ2LTQ0YmYtOTE1OS04N2NlY2Q2MWZkOWUiLCJleHAiOjE3MjcwOTQ2MzYsImlhdCI6MTcyNzA5NDAzNiwianRpIjoiODQ0Y2M0NWEtMWYxYi00OTA4LThlOTQtNTI0MDFiNTczNWEzIn0.3C26X3x0cbugwIZRlLvD2_FujhzwGfzVyd4euFebs_RvtJSz0DsY2ZDSzYps7ywiNhqZjNDGMxti6ET8uYmh4g","refreshToken":"eyJ0eXAiOiJKV1QiLCJhbGciOiJIUzUxMiJ9.eyJzdWIiOiIxOSIsImF1ZCI6InJlZnJlc2giLCJpc3MiOiJhc2Vsc2FuLmthcmRlbGVuIiwiZXhwIjoxNzI3MTMwMDM2LCJpYXQiOjE3MjcwOTQwMzYsImp0aSI6IjlhMzRlNjMxLTc0NDYtNDRiZi05MTU5LTg3Y2VjZDYxZmQ5ZSJ9.WYOqKU_h9NDPsl0UBzQZG2sh6gfvAdeAdOT4SJ57vJnccCxtNH4i2GI-UnUUppcarkwNMx09i_AYGjLhzoxqnw"},"authorities":["right.detection.createdetection","right.detection.map","right.detection.detail","right.detection.detail.read","right.detection.detail.update","right.detection.filter","right.detection.sort","right.detection.sosmessage","right.task.filter","right.task.sort","right.task.detail","right.task.detail.read","right.task.detail.starttask","right.sensor.list","right.sensor.map","right.sensor.livestream","right.sensor.filter","right.sensor.sort","right.profile.read","right.profile.usergroups.authorization","right.detection","right.task","right.sensor","right.profile","right.pushnotification","right.detection.incominglist","right.task.outgoinglist","right.detection.outgoinglist","right.task.incominglist","right.task.attachments.list","right.alarm","right.alarm.list","right.alarm.map","right.alarm.filter"]}
2024-09-23 15:20:40.709 [main] INFO  com.apiTests.requests.user_controller.LoginTests - Status Code: 200
2024-09-23 15:20:40.720 [main] INFO  com.apiTests.serviceSteps.serviceSteps.LoginSteps - The system has been logged in with a valid username and password
2024-09-23 15:20:40.721 [main] INFO  com.apiTests.requests.HelperMethod - The user information in the 'userDataPath' JSON file was assigned to a string variable named 'userLoginData'
2024-09-23 15:20:40.722 [main] INFO  com.apiTests.serviceSteps.serviceSteps.LoginSteps - The username in the response matches the one in the request
2024-09-23 15:20:40.729 [main] INFO  com.apiTests.serviceSteps.serviceSteps.LoginSteps - The Access Token has been saved: eyJ0eXAiOiJKV1QiLCJhbGciOiJIUzUxMiJ9.eyJzdWIiOiIxOSIsImF1ZCI6ImFjY2VzcyIsInVzciI6IlNpc3RlbSBZw7ZuZXRpY2lzaSBBU0VMU0FOIiwiaXNzIjoiYXNlbHNhbi5rYXJkZWxlbiIsInJqdGkiOiI5YTM0ZTYzMS03NDQ2LTQ0YmYtOTE1OS04N2NlY2Q2MWZkOWUiLCJleHAiOjE3MjcwOTQ2MzYsImlhdCI6MTcyNzA5NDAzNiwianRpIjoiODQ0Y2M0NWEtMWYxYi00OTA4LThlOTQtNTI0MDFiNTczNWEzIn0.3C26X3x0cbugwIZRlLvD2_FujhzwGfzVyd4euFebs_RvtJSz0DsY2ZDSzYps7ywiNhqZjNDGMxti6ET8uYmh4g
2024-09-23 15:27:28.073 [main] INFO  com.apiTests.requests.HelperMethod - The user information in the 'userDataPath' JSON file was assigned to a string variable named 'userLoginData'
2024-09-23 15:27:28.076 [main] INFO  com.apiTests.requests.user_controller.LoginTests - Request body loaded from: src/test/resources/jsonFilesLogin/validUsernameAndPassword.json
2024-09-23 15:27:29.675 [main] INFO  com.apiTests.requests.user_controller.LoginTests - Response received: {"user":{"name":"Sistem Yöneticisi","surname":"ASELSAN","username":"aselsan","detail":{"identityNumber":null,"email":null,"phoneNumber":null,"rank":null,"profilePicture":null,"supervisor":{"name":null,"surname":null}},"pushToken":null,"userLevelId":5,"userLevelName":"Aselsan","id":10},"tokenDetails":{"accessToken":"eyJ0eXAiOiJKV1QiLCJhbGciOiJIUzUxMiJ9.eyJzdWIiOiIxOSIsImF1ZCI6ImFjY2VzcyIsInVzciI6IlNpc3RlbSBZw7ZuZXRpY2lzaSBBU0VMU0FOIiwiaXNzIjoiYXNlbHNhbi5rYXJkZWxlbiIsInJqdGkiOiJhNTA2MDExMy02MGY4LTQyM2UtYTJhZC1mNDk5MGI3ODUwNTgiLCJleHAiOjE3MjcwOTUwNDUsImlhdCI6MTcyNzA5NDQ0NSwianRpIjoiNjQyOTdjZTktM2Y2My00NDAwLTgyY2ItNzA2YjJiNGY2OWQ2In0.YPA2y9KOdduRQJ0tER2zAvbCCAmV87VSEbButM8sr0GNLftGuPmOazPqp-a-544LdVITpS7l6mu9Jw_-0c2PYA","refreshToken":"eyJ0eXAiOiJKV1QiLCJhbGciOiJIUzUxMiJ9.eyJzdWIiOiIxOSIsImF1ZCI6InJlZnJlc2giLCJpc3MiOiJhc2Vsc2FuLmthcmRlbGVuIiwiZXhwIjoxNzI3MTMwNDQ1LCJpYXQiOjE3MjcwOTQ0NDUsImp0aSI6ImE1MDYwMTEzLTYwZjgtNDIzZS1hMmFkLWY0OTkwYjc4NTA1OCJ9.WjmugDq3kErZg-ZeD9eqHLL7ULtOzauvdMEt_EKL__dDujD_C1k6GKpVw7VLlzq1RGDplr4C1M6xcZ9USUu9DQ"},"authorities":["right.detection.createdetection","right.detection.map","right.detection.detail","right.detection.detail.read","right.detection.detail.update","right.detection.filter","right.detection.sort","right.detection.sosmessage","right.task.filter","right.task.sort","right.task.detail","right.task.detail.read","right.task.detail.starttask","right.sensor.list","right.sensor.map","right.sensor.livestream","right.sensor.filter","right.sensor.sort","right.profile.read","right.profile.usergroups.authorization","right.detection","right.task","right.sensor","right.profile","right.pushnotification","right.detection.incominglist","right.task.outgoinglist","right.detection.outgoinglist","right.task.incominglist","right.task.attachments.list","right.alarm","right.alarm.list","right.alarm.map","right.alarm.filter"]}
2024-09-23 15:27:29.676 [main] INFO  com.apiTests.requests.user_controller.LoginTests - Status Code: 200
2024-09-23 15:27:29.785 [main] INFO  com.apiTests.serviceSteps.serviceSteps.LoginSteps - The system has been logged in with a valid username and password
2024-09-23 15:27:29.793 [main] INFO  com.apiTests.requests.HelperMethod - The user information in the 'userDataPath' JSON file was assigned to a string variable named 'userLoginData'
2024-09-23 15:27:29.798 [main] INFO  com.apiTests.serviceSteps.serviceSteps.LoginSteps - The username in the response matches the one in the request
2024-09-23 15:27:29.805 [main] INFO  com.apiTests.serviceSteps.serviceSteps.LoginSteps - The Access Token has been saved: eyJ0eXAiOiJKV1QiLCJhbGciOiJIUzUxMiJ9.eyJzdWIiOiIxOSIsImF1ZCI6ImFjY2VzcyIsInVzciI6IlNpc3RlbSBZw7ZuZXRpY2lzaSBBU0VMU0FOIiwiaXNzIjoiYXNlbHNhbi5rYXJkZWxlbiIsInJqdGkiOiJhNTA2MDExMy02MGY4LTQyM2UtYTJhZC1mNDk5MGI3ODUwNTgiLCJleHAiOjE3MjcwOTUwNDUsImlhdCI6MTcyNzA5NDQ0NSwianRpIjoiNjQyOTdjZTktM2Y2My00NDAwLTgyY2ItNzA2YjJiNGY2OWQ2In0.YPA2y9KOdduRQJ0tER2zAvbCCAmV87VSEbButM8sr0GNLftGuPmOazPqp-a-544LdVITpS7l6mu9Jw_-0c2PYA
2024-09-23 15:27:29.899 [main] INFO  com.apiTests.requests.HelperMethod - The user information in the 'userDataPath' JSON file was assigned to a string variable named 'userLoginData'
2024-09-23 15:27:29.900 [main] INFO  com.apiTests.requests.user_controller.LoginTests - Request body loaded from: src/test/resources/jsonFilesLogin/validUsernameInvalidPassword.json
2024-09-23 15:27:30.285 [main] INFO  com.apiTests.requests.user_controller.LoginTests - Response received: User is unauthorized
2024-09-23 15:27:30.285 [main] INFO  com.apiTests.requests.user_controller.LoginTests - Status Code: 401
2024-09-23 15:27:30.285 [main] ERROR com.apiTests.requests.user_controller.LoginTests - Unexpected content type: text/plain;charset=UTF-8
2024-09-23 15:27:30.286 [main] ERROR com.apiTests.requests.user_controller.LoginTests - Response body: User is unauthorized
2024-09-23 15:27:30.286 [main] INFO  com.apiTests.serviceSteps.serviceSteps.LoginSteps - The system has not been logged in with a valid username and password
2024-09-23 15:27:30.293 [main] INFO  com.apiTests.requests.HelperMethod - The user information in the 'userDataPath' JSON file was assigned to a string variable named 'userLoginData'
2024-09-23 15:27:30.294 [main] INFO  com.apiTests.requests.user_controller.LoginTests - Request body loaded from: src/test/resources/jsonFilesLogin/validUsernameAndEmptyPassword.json
2024-09-23 15:27:30.567 [main] INFO  com.apiTests.requests.user_controller.LoginTests - Response received: User is unauthorized
2024-09-23 15:27:30.567 [main] INFO  com.apiTests.requests.user_controller.LoginTests - Status Code: 401
2024-09-23 15:27:30.567 [main] ERROR com.apiTests.requests.user_controller.LoginTests - Unexpected content type: text/plain;charset=UTF-8
2024-09-23 15:27:30.567 [main] ERROR com.apiTests.requests.user_controller.LoginTests - Response body: User is unauthorized
2024-09-23 15:27:30.567 [main] INFO  com.apiTests.serviceSteps.serviceSteps.LoginSteps - The system has not been logged in with a valid username and empty password
2024-09-23 15:27:30.576 [main] INFO  com.apiTests.requests.HelperMethod - The user information in the 'userDataPath' JSON file was assigned to a string variable named 'userLoginData'
2024-09-23 15:27:30.576 [main] INFO  com.apiTests.requests.user_controller.LoginTests - Request body loaded from: src/test/resources/jsonFilesLogin/validUsernameAndPassword.json
2024-09-23 15:27:30.985 [main] INFO  com.apiTests.requests.user_controller.LoginTests - Response received: {"user":{"name":"Sistem Yöneticisi","surname":"ASELSAN","username":"aselsan","detail":{"identityNumber":null,"email":null,"phoneNumber":null,"rank":null,"profilePicture":null,"supervisor":{"name":null,"surname":null}},"pushToken":null,"userLevelId":5,"userLevelName":"Aselsan","id":10},"tokenDetails":{"accessToken":"eyJ0eXAiOiJKV1QiLCJhbGciOiJIUzUxMiJ9.eyJzdWIiOiIxOSIsImF1ZCI6ImFjY2VzcyIsInVzciI6IlNpc3RlbSBZw7ZuZXRpY2lzaSBBU0VMU0FOIiwiaXNzIjoiYXNlbHNhbi5rYXJkZWxlbiIsInJqdGkiOiI5NmZmNzg3Ny0yYTAwLTQ3MTctYWNiYS0zYzUzZGZmYjQxYTYiLCJleHAiOjE3MjcwOTUwNDYsImlhdCI6MTcyNzA5NDQ0NiwianRpIjoiNTM0ZjZhZDktMzQ1NC00NmE3LTg2ZjItMmUwNjc0NzM1YWJmIn0.M1ByYl3GEUL3RA9ip6R4vh0Jx2QAD0JNErDkSw81sMdl1SEnNeGs0eaZ1SPnGMgKb2cFDocCGBy50IB9rs2-_Q","refreshToken":"eyJ0eXAiOiJKV1QiLCJhbGciOiJIUzUxMiJ9.eyJzdWIiOiIxOSIsImF1ZCI6InJlZnJlc2giLCJpc3MiOiJhc2Vsc2FuLmthcmRlbGVuIiwiZXhwIjoxNzI3MTMwNDQ2LCJpYXQiOjE3MjcwOTQ0NDYsImp0aSI6Ijk2ZmY3ODc3LTJhMDAtNDcxNy1hY2JhLTNjNTNkZmZiNDFhNiJ9.6q081WGfTKePr7tD0y6EhyssRO0ghlkkFiN_RY4DmQNuVczlbFJP6cyGUGgnX42QwIBeZQVDa5r8xmlvtE9IWQ"},"authorities":["right.detection.createdetection","right.detection.map","right.detection.detail","right.detection.detail.read","right.detection.detail.update","right.detection.filter","right.detection.sort","right.detection.sosmessage","right.task.filter","right.task.sort","right.task.detail","right.task.detail.read","right.task.detail.starttask","right.sensor.list","right.sensor.map","right.sensor.livestream","right.sensor.filter","right.sensor.sort","right.profile.read","right.profile.usergroups.authorization","right.detection","right.task","right.sensor","right.profile","right.pushnotification","right.detection.incominglist","right.task.outgoinglist","right.detection.outgoinglist","right.task.incominglist","right.task.attachments.list","right.alarm","right.alarm.list","right.alarm.map","right.alarm.filter"]}
2024-09-23 15:27:30.985 [main] INFO  com.apiTests.requests.user_controller.LoginTests - Status Code: 200
2024-09-23 15:27:30.993 [main] INFO  com.apiTests.serviceSteps.serviceSteps.LoginSteps - The system has been logged in with a valid username and password
2024-09-23 15:27:30.994 [main] INFO  com.apiTests.requests.HelperMethod - The user information in the 'userDataPath' JSON file was assigned to a string variable named 'userLoginData'
2024-09-23 15:27:30.994 [main] INFO  com.apiTests.serviceSteps.serviceSteps.LoginSteps - The username in the response matches the one in the request
2024-09-23 15:27:30.996 [main] INFO  com.apiTests.serviceSteps.serviceSteps.LoginSteps - The Access Token has been saved: eyJ0eXAiOiJKV1QiLCJhbGciOiJIUzUxMiJ9.eyJzdWIiOiIxOSIsImF1ZCI6ImFjY2VzcyIsInVzciI6IlNpc3RlbSBZw7ZuZXRpY2lzaSBBU0VMU0FOIiwiaXNzIjoiYXNlbHNhbi5rYXJkZWxlbiIsInJqdGkiOiI5NmZmNzg3Ny0yYTAwLTQ3MTctYWNiYS0zYzUzZGZmYjQxYTYiLCJleHAiOjE3MjcwOTUwNDYsImlhdCI6MTcyNzA5NDQ0NiwianRpIjoiNTM0ZjZhZDktMzQ1NC00NmE3LTg2ZjItMmUwNjc0NzM1YWJmIn0.M1ByYl3GEUL3RA9ip6R4vh0Jx2QAD0JNErDkSw81sMdl1SEnNeGs0eaZ1SPnGMgKb2cFDocCGBy50IB9rs2-_Q
2024-09-23 15:29:54.002 [main] INFO  com.apiTests.requests.HelperMethod - The user information in the 'userDataPath' JSON file was assigned to a string variable named 'userLoginData'
2024-09-23 15:29:54.011 [main] INFO  com.apiTests.requests.user_controller.LoginTests - Request body loaded from: src/test/resources/jsonFilesLogin/validUsernameAndPassword.json
2024-09-23 15:29:55.704 [main] INFO  com.apiTests.requests.user_controller.LoginTests - Response received: {"user":{"name":"Sistem Yöneticisi","surname":"ASELSAN","username":"aselsan","detail":{"identityNumber":null,"email":null,"phoneNumber":null,"rank":null,"profilePicture":null,"supervisor":{"name":null,"surname":null}},"pushToken":null,"userLevelId":5,"userLevelName":"Aselsan","id":10},"tokenDetails":{"accessToken":"eyJ0eXAiOiJKV1QiLCJhbGciOiJIUzUxMiJ9.eyJzdWIiOiIxOSIsImF1ZCI6ImFjY2VzcyIsInVzciI6IlNpc3RlbSBZw7ZuZXRpY2lzaSBBU0VMU0FOIiwiaXNzIjoiYXNlbHNhbi5rYXJkZWxlbiIsInJqdGkiOiI5NzhlNTY1Ni03MWExLTRlMDgtYTJkZC00ZDMxMGU3ZDAzMzkiLCJleHAiOjE3MjcwOTUxOTEsImlhdCI6MTcyNzA5NDU5MSwianRpIjoiZDczMGIwMzgtZDI0Ni00ODQ1LTljZjItODZiMTU1NTllNmZiIn0.rt11OCaikDluPeS-jQ86N1c0_oPVQfTbUhwhDHmHUVfq4NxAhNl-82y4iWd441ynchQOEFfajBv9CHNqiotiXQ","refreshToken":"eyJ0eXAiOiJKV1QiLCJhbGciOiJIUzUxMiJ9.eyJzdWIiOiIxOSIsImF1ZCI6InJlZnJlc2giLCJpc3MiOiJhc2Vsc2FuLmthcmRlbGVuIiwiZXhwIjoxNzI3MTMwNTkxLCJpYXQiOjE3MjcwOTQ1OTEsImp0aSI6Ijk3OGU1NjU2LTcxYTEtNGUwOC1hMmRkLTRkMzEwZTdkMDMzOSJ9.jbXZo3xK5i1uO806wkE0PVc0VdFZh9cY18JHj9UzvE_0wddNXROt0j-1L1iCGB867h8H46fUS_OSvgB1jLXoLQ"},"authorities":["right.detection.createdetection","right.detection.map","right.detection.detail","right.detection.detail.read","right.detection.detail.update","right.detection.filter","right.detection.sort","right.detection.sosmessage","right.task.filter","right.task.sort","right.task.detail","right.task.detail.read","right.task.detail.starttask","right.sensor.list","right.sensor.map","right.sensor.livestream","right.sensor.filter","right.sensor.sort","right.profile.read","right.profile.usergroups.authorization","right.detection","right.task","right.sensor","right.profile","right.pushnotification","right.detection.incominglist","right.task.outgoinglist","right.detection.outgoinglist","right.task.incominglist","right.task.attachments.list","right.alarm","right.alarm.list","right.alarm.map","right.alarm.filter"]}
2024-09-23 15:29:55.705 [main] INFO  com.apiTests.requests.user_controller.LoginTests - Status Code: 200
2024-09-23 15:29:55.813 [main] INFO  com.apiTests.serviceSteps.serviceSteps.LoginSteps - The system has been logged in with a valid username and password
2024-09-23 15:29:55.820 [main] INFO  com.apiTests.requests.HelperMethod - The user information in the 'userDataPath' JSON file was assigned to a string variable named 'userLoginData'
2024-09-23 15:29:55.824 [main] INFO  com.apiTests.serviceSteps.serviceSteps.LoginSteps - The username in the response matches the one in the request
2024-09-23 15:29:55.827 [main] INFO  com.apiTests.serviceSteps.serviceSteps.LoginSteps - The Access Token has been saved: eyJ0eXAiOiJKV1QiLCJhbGciOiJIUzUxMiJ9.eyJzdWIiOiIxOSIsImF1ZCI6ImFjY2VzcyIsInVzciI6IlNpc3RlbSBZw7ZuZXRpY2lzaSBBU0VMU0FOIiwiaXNzIjoiYXNlbHNhbi5rYXJkZWxlbiIsInJqdGkiOiI5NzhlNTY1Ni03MWExLTRlMDgtYTJkZC00ZDMxMGU3ZDAzMzkiLCJleHAiOjE3MjcwOTUxOTEsImlhdCI6MTcyNzA5NDU5MSwianRpIjoiZDczMGIwMzgtZDI0Ni00ODQ1LTljZjItODZiMTU1NTllNmZiIn0.rt11OCaikDluPeS-jQ86N1c0_oPVQfTbUhwhDHmHUVfq4NxAhNl-82y4iWd441ynchQOEFfajBv9CHNqiotiXQ
2024-09-23 15:29:55.928 [main] INFO  com.apiTests.requests.HelperMethod - The user information in the 'userDataPath' JSON file was assigned to a string variable named 'userLoginData'
2024-09-23 15:29:55.928 [main] INFO  com.apiTests.requests.user_controller.LoginTests - Request body loaded from: src/test/resources/jsonFilesLogin/validUsernameInvalidPassword.json
2024-09-23 15:29:56.178 [main] INFO  com.apiTests.requests.user_controller.LoginTests - Response received: User is unauthorized
2024-09-23 15:29:56.178 [main] INFO  com.apiTests.requests.user_controller.LoginTests - Status Code: 401
2024-09-23 15:29:56.179 [main] ERROR com.apiTests.requests.user_controller.LoginTests - Unexpected content type: text/plain;charset=UTF-8
2024-09-23 15:29:56.179 [main] ERROR com.apiTests.requests.user_controller.LoginTests - Response body: User is unauthorized
2024-09-23 15:29:56.179 [main] INFO  com.apiTests.serviceSteps.serviceSteps.LoginSteps - The system has not been logged in with a valid username and password
2024-09-23 15:29:56.191 [main] INFO  com.apiTests.requests.HelperMethod - The user information in the 'userDataPath' JSON file was assigned to a string variable named 'userLoginData'
2024-09-23 15:29:56.191 [main] INFO  com.apiTests.requests.user_controller.LoginTests - Request body loaded from: src/test/resources/jsonFilesLogin/validUsernameAndEmptyPassword.json
2024-09-23 15:29:56.435 [main] INFO  com.apiTests.requests.user_controller.LoginTests - Response received: User is unauthorized
2024-09-23 15:29:56.435 [main] INFO  com.apiTests.requests.user_controller.LoginTests - Status Code: 401
2024-09-23 15:29:56.436 [main] ERROR com.apiTests.requests.user_controller.LoginTests - Unexpected content type: text/plain;charset=UTF-8
2024-09-23 15:29:56.436 [main] ERROR com.apiTests.requests.user_controller.LoginTests - Response body: User is unauthorized
2024-09-23 15:29:56.437 [main] INFO  com.apiTests.serviceSteps.serviceSteps.LoginSteps - The system has not been logged in with a valid username and empty password
2024-09-23 15:29:56.451 [main] INFO  com.apiTests.requests.HelperMethod - The user information in the 'userDataPath' JSON file was assigned to a string variable named 'userLoginData'
2024-09-23 15:29:56.451 [main] INFO  com.apiTests.requests.user_controller.LoginTests - Request body loaded from: src/test/resources/jsonFilesLogin/validUsernameAndPassword.json
2024-09-23 15:29:56.938 [main] INFO  com.apiTests.requests.user_controller.LoginTests - Response received: {"user":{"name":"Sistem Yöneticisi","surname":"ASELSAN","username":"aselsan","detail":{"identityNumber":null,"email":null,"phoneNumber":null,"rank":null,"profilePicture":null,"supervisor":{"name":null,"surname":null}},"pushToken":null,"userLevelId":5,"userLevelName":"Aselsan","id":10},"tokenDetails":{"accessToken":"eyJ0eXAiOiJKV1QiLCJhbGciOiJIUzUxMiJ9.eyJzdWIiOiIxOSIsImF1ZCI6ImFjY2VzcyIsInVzciI6IlNpc3RlbSBZw7ZuZXRpY2lzaSBBU0VMU0FOIiwiaXNzIjoiYXNlbHNhbi5rYXJkZWxlbiIsInJqdGkiOiI0YjcxZTRkMS1hMTAyLTRjY2UtYmY5Zi0wZDY2YmRlYTAwNjAiLCJleHAiOjE3MjcwOTUxOTIsImlhdCI6MTcyNzA5NDU5MiwianRpIjoiNjllZGZjMmEtNDhjNy00NjBjLWE2ODktN2IzMDI1MjgwNTY1In0.BHhlUUAjsUnlv-OqMv1AI9aPE7tEzlAMYidVjJgZToDT4RZOGxGWphS20Cdj-dGz65Du6WgclrK1a4XKdfTlqg","refreshToken":"eyJ0eXAiOiJKV1QiLCJhbGciOiJIUzUxMiJ9.eyJzdWIiOiIxOSIsImF1ZCI6InJlZnJlc2giLCJpc3MiOiJhc2Vsc2FuLmthcmRlbGVuIiwiZXhwIjoxNzI3MTMwNTkyLCJpYXQiOjE3MjcwOTQ1OTIsImp0aSI6IjRiNzFlNGQxLWExMDItNGNjZS1iZjlmLTBkNjZiZGVhMDA2MCJ9.5MlFTXU152fzFXDl-FeL78F-Q9H-ZC7jGit9aAC9Voj2HyNcNgiFhfgKFdX2lIoVzHPeUVdx4bwqAILv58yj3g"},"authorities":["right.detection.createdetection","right.detection.map","right.detection.detail","right.detection.detail.read","right.detection.detail.update","right.detection.filter","right.detection.sort","right.detection.sosmessage","right.task.filter","right.task.sort","right.task.detail","right.task.detail.read","right.task.detail.starttask","right.sensor.list","right.sensor.map","right.sensor.livestream","right.sensor.filter","right.sensor.sort","right.profile.read","right.profile.usergroups.authorization","right.detection","right.task","right.sensor","right.profile","right.pushnotification","right.detection.incominglist","right.task.outgoinglist","right.detection.outgoinglist","right.task.incominglist","right.task.attachments.list","right.alarm","right.alarm.list","right.alarm.map","right.alarm.filter"]}
2024-09-23 15:29:56.938 [main] INFO  com.apiTests.requests.user_controller.LoginTests - Status Code: 200
2024-09-23 15:29:56.947 [main] INFO  com.apiTests.serviceSteps.serviceSteps.LoginSteps - The system has been logged in with a valid username and password
2024-09-23 15:29:56.949 [main] INFO  com.apiTests.requests.HelperMethod - The user information in the 'userDataPath' JSON file was assigned to a string variable named 'userLoginData'
2024-09-23 15:29:56.950 [main] INFO  com.apiTests.serviceSteps.serviceSteps.LoginSteps - The username in the response matches the one in the request
2024-09-23 15:29:56.952 [main] INFO  com.apiTests.serviceSteps.serviceSteps.LoginSteps - The Access Token has been saved: eyJ0eXAiOiJKV1QiLCJhbGciOiJIUzUxMiJ9.eyJzdWIiOiIxOSIsImF1ZCI6ImFjY2VzcyIsInVzciI6IlNpc3RlbSBZw7ZuZXRpY2lzaSBBU0VMU0FOIiwiaXNzIjoiYXNlbHNhbi5rYXJkZWxlbiIsInJqdGkiOiI0YjcxZTRkMS1hMTAyLTRjY2UtYmY5Zi0wZDY2YmRlYTAwNjAiLCJleHAiOjE3MjcwOTUxOTIsImlhdCI6MTcyNzA5NDU5MiwianRpIjoiNjllZGZjMmEtNDhjNy00NjBjLWE2ODktN2IzMDI1MjgwNTY1In0.BHhlUUAjsUnlv-OqMv1AI9aPE7tEzlAMYidVjJgZToDT4RZOGxGWphS20Cdj-dGz65Du6WgclrK1a4XKdfTlqg
2024-09-23 15:29:57.182 [main] INFO  com.apiTests.requests.user_controller.LogoutTests - Status Code: 401
2024-09-23 15:29:57.183 [main] INFO  com.apiTests.serviceSteps.serviceSteps.LoginSteps - The system has been logged out with a valid access token
