2024-09-25 08:50:24.423 [main] INFO  com.apiTests.requests.HelperMethod - The user information in the 'userDataPath' JSON file was assigned to a string variable named 'userLoginData'
2024-09-25 08:50:24.429 [main] INFO  com.apiTests.requests.user_controller.LoginTests - Request body loaded from: src/test/resources/jsonFilesLogin/validUsernameInvalidPassword.json
2024-09-25 08:50:27.701 [main] INFO  com.apiTests.requests.user_controller.LoginTests - Response received: User is unauthorized
2024-09-25 08:50:27.703 [main] INFO  com.apiTests.requests.user_controller.LoginTests - Status Code: 401
2024-09-25 08:50:27.703 [main] ERROR com.apiTests.requests.user_controller.LoginTests - Unexpected content type: text/plain;charset=UTF-8
2024-09-25 08:50:27.703 [main] ERROR com.apiTests.requests.user_controller.LoginTests - Response body: User is unauthorized
2024-09-25 08:50:27.703 [main] INFO  com.apiTests.serviceSteps.serviceSteps.LoginSteps - The system has not been logged in with a valid username and password
2024-09-25 08:50:27.788 [main] INFO  com.apiTests.requests.HelperMethod - The user information in the 'userDataPath' JSON file was assigned to a string variable named 'userLoginData'
2024-09-25 08:50:27.789 [main] INFO  com.apiTests.requests.user_controller.LoginTests - Request body loaded from: src/test/resources/jsonFilesLogin/validUsernameAndEmptyPassword.json
2024-09-25 08:50:28.631 [main] INFO  com.apiTests.requests.user_controller.LoginTests - Response received: User is unauthorized
2024-09-25 08:50:28.631 [main] INFO  com.apiTests.requests.user_controller.LoginTests - Status Code: 401
2024-09-25 08:50:28.632 [main] ERROR com.apiTests.requests.user_controller.LoginTests - Unexpected content type: text/plain;charset=UTF-8
2024-09-25 08:50:28.632 [main] ERROR com.apiTests.requests.user_controller.LoginTests - Response body: User is unauthorized
2024-09-25 08:50:28.633 [main] INFO  com.apiTests.serviceSteps.serviceSteps.LoginSteps - The system has not been logged in with a valid username and empty password
2024-09-25 08:50:28.645 [main] INFO  com.apiTests.requests.HelperMethod - The user information in the 'userDataPath' JSON file was assigned to a string variable named 'userLoginData'
2024-09-25 08:50:28.646 [main] INFO  com.apiTests.requests.user_controller.LoginTests - Request body loaded from: src/test/resources/jsonFilesLogin/validUsernameAndPassword.json
2024-09-25 08:50:29.204 [main] INFO  com.apiTests.requests.user_controller.LoginTests - Response received: {"user":{"name":"Sistem Yöneticisi","surname":"ASELSAN","username":"aselsan","detail":{"identityNumber":null,"email":null,"phoneNumber":null,"rank":null,"profilePicture":null,"supervisor":{"name":null,"surname":null}},"pushToken":null,"userLevelId":5,"userLevelName":"Aselsan","id":10},"tokenDetails":{"accessToken":"eyJ0eXAiOiJKV1QiLCJhbGciOiJIUzUxMiJ9.eyJzdWIiOiIxOSIsImF1ZCI6ImFjY2VzcyIsInVzciI6IlNpc3RlbSBZw7ZuZXRpY2lzaSBBU0VMU0FOIiwiaXNzIjoiYXNlbHNhbi5rYXJkZWxlbiIsInJqdGkiOiI3NzExYjllNi0zY2Q3LTRiM2MtOWEzMy03YmJkZmJjMDMzNzYiLCJleHAiOjE3MjcyNDQwMjgsImlhdCI6MTcyNzI0MzQyOCwianRpIjoiMzIwMmJlMjAtYjUyMC00MGFmLTg0NzQtZGRjMDVkYjE4YmM2In0.pm3NydvcYXt5BzNXHmpjcoYqiX0s-XI3zItc0IAi40qyvHJoZWhbEmJuUGIQgUyz78LAYTOWmS8a7CHqA0P-cg","refreshToken":"eyJ0eXAiOiJKV1QiLCJhbGciOiJIUzUxMiJ9.eyJzdWIiOiIxOSIsImF1ZCI6InJlZnJlc2giLCJpc3MiOiJhc2Vsc2FuLmthcmRlbGVuIiwiZXhwIjoxNzI3Mjc5NDI4LCJpYXQiOjE3MjcyNDM0MjgsImp0aSI6Ijc3MTFiOWU2LTNjZDctNGIzYy05YTMzLTdiYmRmYmMwMzM3NiJ9.MmjI7leCbZ5Rjro_ManRZzCREA_kDOSNcLWJ1w0r9N72hgozQTXbHIHuKIo07O82e5aDoBW6eao9PqZkW67ztg"},"authorities":["right.detection.createdetection","right.detection.map","right.detection.detail","right.detection.detail.read","right.detection.detail.update","right.detection.filter","right.detection.sort","right.detection.sosmessage","right.task.filter","right.task.sort","right.task.detail","right.task.detail.read","right.task.detail.starttask","right.sensor.list","right.sensor.map","right.sensor.livestream","right.sensor.filter","right.sensor.sort","right.profile.read","right.profile.usergroups.authorization","right.detection","right.task","right.sensor","right.profile","right.pushnotification","right.detection.incominglist","right.task.outgoinglist","right.detection.outgoinglist","right.task.incominglist","right.task.attachments.list","right.alarm","right.alarm.list","right.alarm.map","right.alarm.filter"]}
2024-09-25 08:50:29.205 [main] INFO  com.apiTests.requests.user_controller.LoginTests - Status Code: 200
2024-09-25 08:50:29.329 [main] INFO  com.apiTests.serviceSteps.serviceSteps.LoginSteps - The system has been logged in with a valid username and password
2024-09-25 08:50:29.330 [main] INFO  com.apiTests.requests.HelperMethod - The user information in the 'userDataPath' JSON file was assigned to a string variable named 'userLoginData'
2024-09-25 08:50:29.336 [main] INFO  com.apiTests.serviceSteps.serviceSteps.LoginSteps - The username in the response matches the one in the request
2024-09-25 08:50:29.338 [main] INFO  com.apiTests.serviceSteps.serviceSteps.LoginSteps - The Access Token has been saved: eyJ0eXAiOiJKV1QiLCJhbGciOiJIUzUxMiJ9.eyJzdWIiOiIxOSIsImF1ZCI6ImFjY2VzcyIsInVzciI6IlNpc3RlbSBZw7ZuZXRpY2lzaSBBU0VMU0FOIiwiaXNzIjoiYXNlbHNhbi5rYXJkZWxlbiIsInJqdGkiOiI3NzExYjllNi0zY2Q3LTRiM2MtOWEzMy03YmJkZmJjMDMzNzYiLCJleHAiOjE3MjcyNDQwMjgsImlhdCI6MTcyNzI0MzQyOCwianRpIjoiMzIwMmJlMjAtYjUyMC00MGFmLTg0NzQtZGRjMDVkYjE4YmM2In0.pm3NydvcYXt5BzNXHmpjcoYqiX0s-XI3zItc0IAi40qyvHJoZWhbEmJuUGIQgUyz78LAYTOWmS8a7CHqA0P-cg
2024-09-25 08:50:29.350 [main] INFO  com.apiTests.requests.HelperMethod - The user information in the 'userDataPath' JSON file was assigned to a string variable named 'userLoginData'
2024-09-25 08:50:29.350 [main] INFO  com.apiTests.requests.user_controller.LoginTests - Request body loaded from: src/test/resources/jsonFilesLogin/validUsernameAndPassword.json
2024-09-25 08:50:29.670 [main] INFO  com.apiTests.requests.user_controller.LoginTests - Response received: {"user":{"name":"Sistem Yöneticisi","surname":"ASELSAN","username":"aselsan","detail":{"identityNumber":null,"email":null,"phoneNumber":null,"rank":null,"profilePicture":null,"supervisor":{"name":null,"surname":null}},"pushToken":null,"userLevelId":5,"userLevelName":"Aselsan","id":10},"tokenDetails":{"accessToken":"eyJ0eXAiOiJKV1QiLCJhbGciOiJIUzUxMiJ9.eyJzdWIiOiIxOSIsImF1ZCI6ImFjY2VzcyIsInVzciI6IlNpc3RlbSBZw7ZuZXRpY2lzaSBBU0VMU0FOIiwiaXNzIjoiYXNlbHNhbi5rYXJkZWxlbiIsInJqdGkiOiJiMTI5OTA1Yy1iNjViLTRkYTctYjBhMy02YjgxNWRhMzQyNzAiLCJleHAiOjE3MjcyNDQwMjgsImlhdCI6MTcyNzI0MzQyOCwianRpIjoiMmM0MDZjNDgtMWE3OC00YmM3LTljMWUtNzEyZDY5NTMzMDBlIn0.wrLDwMs7X6SHs8BCkh4rIxSc6vz43_CfRAaxlLqE_h-UuaTdFCMH9nxhO2kqf5c_gtBBY6trsvXWKn9keRztIw","refreshToken":"eyJ0eXAiOiJKV1QiLCJhbGciOiJIUzUxMiJ9.eyJzdWIiOiIxOSIsImF1ZCI6InJlZnJlc2giLCJpc3MiOiJhc2Vsc2FuLmthcmRlbGVuIiwiZXhwIjoxNzI3Mjc5NDI4LCJpYXQiOjE3MjcyNDM0MjgsImp0aSI6ImIxMjk5MDVjLWI2NWItNGRhNy1iMGEzLTZiODE1ZGEzNDI3MCJ9.8FnUL94wzR_jKj6kzBGpqgGOYOISUXqRSxj-Q-uPpB_mrcikyn0CNf4Iqq4qj4mbhOSzNWi1vjKBdB2MHPbvaQ"},"authorities":["right.detection.createdetection","right.detection.map","right.detection.detail","right.detection.detail.read","right.detection.detail.update","right.detection.filter","right.detection.sort","right.detection.sosmessage","right.task.filter","right.task.sort","right.task.detail","right.task.detail.read","right.task.detail.starttask","right.sensor.list","right.sensor.map","right.sensor.livestream","right.sensor.filter","right.sensor.sort","right.profile.read","right.profile.usergroups.authorization","right.detection","right.task","right.sensor","right.profile","right.pushnotification","right.detection.incominglist","right.task.outgoinglist","right.detection.outgoinglist","right.task.incominglist","right.task.attachments.list","right.alarm","right.alarm.list","right.alarm.map","right.alarm.filter"]}
2024-09-25 08:50:29.671 [main] INFO  com.apiTests.requests.user_controller.LoginTests - Status Code: 200
2024-09-25 08:50:29.676 [main] INFO  com.apiTests.serviceSteps.serviceSteps.LoginSteps - The system has been logged in with a valid username and password
2024-09-25 08:50:29.677 [main] INFO  com.apiTests.requests.HelperMethod - The user information in the 'userDataPath' JSON file was assigned to a string variable named 'userLoginData'
2024-09-25 08:50:29.678 [main] INFO  com.apiTests.serviceSteps.serviceSteps.LoginSteps - The username in the response matches the one in the request
2024-09-25 08:50:29.680 [main] INFO  com.apiTests.serviceSteps.serviceSteps.LoginSteps - The Access Token has been saved: eyJ0eXAiOiJKV1QiLCJhbGciOiJIUzUxMiJ9.eyJzdWIiOiIxOSIsImF1ZCI6ImFjY2VzcyIsInVzciI6IlNpc3RlbSBZw7ZuZXRpY2lzaSBBU0VMU0FOIiwiaXNzIjoiYXNlbHNhbi5rYXJkZWxlbiIsInJqdGkiOiJiMTI5OTA1Yy1iNjViLTRkYTctYjBhMy02YjgxNWRhMzQyNzAiLCJleHAiOjE3MjcyNDQwMjgsImlhdCI6MTcyNzI0MzQyOCwianRpIjoiMmM0MDZjNDgtMWE3OC00YmM3LTljMWUtNzEyZDY5NTMzMDBlIn0.wrLDwMs7X6SHs8BCkh4rIxSc6vz43_CfRAaxlLqE_h-UuaTdFCMH9nxhO2kqf5c_gtBBY6trsvXWKn9keRztIw
2024-09-25 08:52:07.690 [main] INFO  com.apiTests.requests.HelperMethod - The user information in the 'userDataPath' JSON file was assigned to a string variable named 'userLoginData'
2024-09-25 08:52:07.694 [main] INFO  com.apiTests.requests.user_controller.LoginTests - Request body loaded from: src/test/resources/jsonFilesLogin/validUsernameInvalidPassword.json
2024-09-25 08:52:09.272 [main] INFO  com.apiTests.requests.user_controller.LoginTests - Response received: User is unauthorized
2024-09-25 08:52:09.272 [main] INFO  com.apiTests.requests.user_controller.LoginTests - Status Code: 401
2024-09-25 08:52:09.272 [main] ERROR com.apiTests.requests.user_controller.LoginTests - Unexpected content type: text/plain;charset=UTF-8
2024-09-25 08:52:09.272 [main] ERROR com.apiTests.requests.user_controller.LoginTests - Response body: User is unauthorized
2024-09-25 08:52:09.273 [main] INFO  com.apiTests.serviceSteps.serviceSteps.LoginSteps - The system has not been logged in with a valid username and password
2024-09-25 08:52:09.356 [main] INFO  com.apiTests.requests.HelperMethod - The user information in the 'userDataPath' JSON file was assigned to a string variable named 'userLoginData'
2024-09-25 08:52:09.356 [main] INFO  com.apiTests.requests.user_controller.LoginTests - Request body loaded from: src/test/resources/jsonFilesLogin/validUsernameAndEmptyPassword.json
2024-09-25 08:52:09.953 [main] INFO  com.apiTests.requests.user_controller.LoginTests - Response received: User is unauthorized
2024-09-25 08:52:09.957 [main] INFO  com.apiTests.requests.user_controller.LoginTests - Status Code: 401
2024-09-25 08:52:09.957 [main] ERROR com.apiTests.requests.user_controller.LoginTests - Unexpected content type: text/plain;charset=UTF-8
2024-09-25 08:52:09.958 [main] ERROR com.apiTests.requests.user_controller.LoginTests - Response body: User is unauthorized
2024-09-25 08:52:09.959 [main] INFO  com.apiTests.serviceSteps.serviceSteps.LoginSteps - The system has not been logged in with a valid username and empty password
2024-09-25 08:52:09.985 [main] INFO  com.apiTests.requests.HelperMethod - The user information in the 'userDataPath' JSON file was assigned to a string variable named 'userLoginData'
2024-09-25 08:52:09.986 [main] INFO  com.apiTests.requests.user_controller.LoginTests - Request body loaded from: src/test/resources/jsonFilesLogin/validUsernameAndPassword.json
2024-09-25 08:52:10.491 [main] INFO  com.apiTests.requests.user_controller.LoginTests - Response received: {"user":{"name":"Sistem Yöneticisi","surname":"ASELSAN","username":"aselsan","detail":{"identityNumber":null,"email":null,"phoneNumber":null,"rank":null,"profilePicture":null,"supervisor":{"name":null,"surname":null}},"pushToken":null,"userLevelId":5,"userLevelName":"Aselsan","id":10},"tokenDetails":{"accessToken":"eyJ0eXAiOiJKV1QiLCJhbGciOiJIUzUxMiJ9.eyJzdWIiOiIxOSIsImF1ZCI6ImFjY2VzcyIsInVzciI6IlNpc3RlbSBZw7ZuZXRpY2lzaSBBU0VMU0FOIiwiaXNzIjoiYXNlbHNhbi5rYXJkZWxlbiIsInJqdGkiOiI5MTNlOGM3YS1iMzAyLTQ3ODEtYTY1ZC05MzJhNTM3NGU3ZWYiLCJleHAiOjE3MjcyNDQxMjksImlhdCI6MTcyNzI0MzUyOSwianRpIjoiMDY1MThlMTYtZTNkOC00NDMxLTljOWItY2UwZjlkMTM1NmYwIn0.k0Wb5QU4DeHaa8N2eh_5yWcWjvHCehB23458N9PaSv5paI_vUMF9ZPMxxGPbGRhamIcXz_4k6Qtmi9zDNmsYRA","refreshToken":"eyJ0eXAiOiJKV1QiLCJhbGciOiJIUzUxMiJ9.eyJzdWIiOiIxOSIsImF1ZCI6InJlZnJlc2giLCJpc3MiOiJhc2Vsc2FuLmthcmRlbGVuIiwiZXhwIjoxNzI3Mjc5NTI5LCJpYXQiOjE3MjcyNDM1MjksImp0aSI6IjkxM2U4YzdhLWIzMDItNDc4MS1hNjVkLTkzMmE1Mzc0ZTdlZiJ9.klkw8GOkD7QAqoQBaG0_cKhzMNA0nDvkIe-qBF00ugTr2LkwzPMvmL9BBBEBJ_mPuo75DwczoifgLXq9si2h-Q"},"authorities":["right.detection.createdetection","right.detection.map","right.detection.detail","right.detection.detail.read","right.detection.detail.update","right.detection.filter","right.detection.sort","right.detection.sosmessage","right.task.filter","right.task.sort","right.task.detail","right.task.detail.read","right.task.detail.starttask","right.sensor.list","right.sensor.map","right.sensor.livestream","right.sensor.filter","right.sensor.sort","right.profile.read","right.profile.usergroups.authorization","right.detection","right.task","right.sensor","right.profile","right.pushnotification","right.detection.incominglist","right.task.outgoinglist","right.detection.outgoinglist","right.task.incominglist","right.task.attachments.list","right.alarm","right.alarm.list","right.alarm.map","right.alarm.filter"]}
2024-09-25 08:52:10.492 [main] INFO  com.apiTests.requests.user_controller.LoginTests - Status Code: 200
2024-09-25 08:52:10.595 [main] INFO  com.apiTests.serviceSteps.serviceSteps.LoginSteps - The system has been logged in with a valid username and password
2024-09-25 08:52:10.597 [main] INFO  com.apiTests.requests.HelperMethod - The user information in the 'userDataPath' JSON file was assigned to a string variable named 'userLoginData'
2024-09-25 08:52:10.603 [main] INFO  com.apiTests.serviceSteps.serviceSteps.LoginSteps - The username in the response matches the one in the request
2024-09-25 08:52:10.605 [main] INFO  com.apiTests.serviceSteps.serviceSteps.LoginSteps - The Access Token has been saved: eyJ0eXAiOiJKV1QiLCJhbGciOiJIUzUxMiJ9.eyJzdWIiOiIxOSIsImF1ZCI6ImFjY2VzcyIsInVzciI6IlNpc3RlbSBZw7ZuZXRpY2lzaSBBU0VMU0FOIiwiaXNzIjoiYXNlbHNhbi5rYXJkZWxlbiIsInJqdGkiOiI5MTNlOGM3YS1iMzAyLTQ3ODEtYTY1ZC05MzJhNTM3NGU3ZWYiLCJleHAiOjE3MjcyNDQxMjksImlhdCI6MTcyNzI0MzUyOSwianRpIjoiMDY1MThlMTYtZTNkOC00NDMxLTljOWItY2UwZjlkMTM1NmYwIn0.k0Wb5QU4DeHaa8N2eh_5yWcWjvHCehB23458N9PaSv5paI_vUMF9ZPMxxGPbGRhamIcXz_4k6Qtmi9zDNmsYRA
2024-09-25 08:52:10.617 [main] INFO  com.apiTests.requests.HelperMethod - The user information in the 'userDataPath' JSON file was assigned to a string variable named 'userLoginData'
2024-09-25 08:52:10.617 [main] INFO  com.apiTests.requests.user_controller.LoginTests - Request body loaded from: src/test/resources/jsonFilesLogin/validUsernameAndPassword.json
2024-09-25 08:52:11.009 [main] INFO  com.apiTests.requests.user_controller.LoginTests - Response received: {"user":{"name":"Sistem Yöneticisi","surname":"ASELSAN","username":"aselsan","detail":{"identityNumber":null,"email":null,"phoneNumber":null,"rank":null,"profilePicture":null,"supervisor":{"name":null,"surname":null}},"pushToken":null,"userLevelId":5,"userLevelName":"Aselsan","id":10},"tokenDetails":{"accessToken":"eyJ0eXAiOiJKV1QiLCJhbGciOiJIUzUxMiJ9.eyJzdWIiOiIxOSIsImF1ZCI6ImFjY2VzcyIsInVzciI6IlNpc3RlbSBZw7ZuZXRpY2lzaSBBU0VMU0FOIiwiaXNzIjoiYXNlbHNhbi5rYXJkZWxlbiIsInJqdGkiOiIzNTNlMmRhYS1lYmEzLTRkZjEtYTg0MC1hN2M5OTcxZDM0YTciLCJleHAiOjE3MjcyNDQxMzAsImlhdCI6MTcyNzI0MzUzMCwianRpIjoiZDAyZmJkNTYtNDlkMC00MDE0LWI4NGYtMjQ0NzZiZjhkOTAxIn0.QZLrTflLr7qbv-2dzLXLPEhxGP6jcd3sjQZX2-OBR-i6nDafCDS5H3iDqyjZBllIl95ZOGAcQ9tTFlzaxFdFFg","refreshToken":"eyJ0eXAiOiJKV1QiLCJhbGciOiJIUzUxMiJ9.eyJzdWIiOiIxOSIsImF1ZCI6InJlZnJlc2giLCJpc3MiOiJhc2Vsc2FuLmthcmRlbGVuIiwiZXhwIjoxNzI3Mjc5NTMwLCJpYXQiOjE3MjcyNDM1MzAsImp0aSI6IjM1M2UyZGFhLWViYTMtNGRmMS1hODQwLWE3Yzk5NzFkMzRhNyJ9.VjAOCPDPeXRDaDmk8W9hocAbdja2Klqn4inkWii8KVgcIZM_a9DugXOmER2M5Y9GBRHMZmQaCFhsxGgAv0DrTg"},"authorities":["right.detection.createdetection","right.detection.map","right.detection.detail","right.detection.detail.read","right.detection.detail.update","right.detection.filter","right.detection.sort","right.detection.sosmessage","right.task.filter","right.task.sort","right.task.detail","right.task.detail.read","right.task.detail.starttask","right.sensor.list","right.sensor.map","right.sensor.livestream","right.sensor.filter","right.sensor.sort","right.profile.read","right.profile.usergroups.authorization","right.detection","right.task","right.sensor","right.profile","right.pushnotification","right.detection.incominglist","right.task.outgoinglist","right.detection.outgoinglist","right.task.incominglist","right.task.attachments.list","right.alarm","right.alarm.list","right.alarm.map","right.alarm.filter"]}
2024-09-25 08:52:11.013 [main] INFO  com.apiTests.requests.user_controller.LoginTests - Status Code: 200
2024-09-25 08:52:11.031 [main] INFO  com.apiTests.serviceSteps.serviceSteps.LoginSteps - The system has been logged in with a valid username and password
2024-09-25 08:52:11.033 [main] INFO  com.apiTests.requests.HelperMethod - The user information in the 'userDataPath' JSON file was assigned to a string variable named 'userLoginData'
2024-09-25 08:52:11.034 [main] INFO  com.apiTests.serviceSteps.serviceSteps.LoginSteps - The username in the response matches the one in the request
2024-09-25 08:52:11.036 [main] INFO  com.apiTests.serviceSteps.serviceSteps.LoginSteps - The Access Token has been saved: eyJ0eXAiOiJKV1QiLCJhbGciOiJIUzUxMiJ9.eyJzdWIiOiIxOSIsImF1ZCI6ImFjY2VzcyIsInVzciI6IlNpc3RlbSBZw7ZuZXRpY2lzaSBBU0VMU0FOIiwiaXNzIjoiYXNlbHNhbi5rYXJkZWxlbiIsInJqdGkiOiIzNTNlMmRhYS1lYmEzLTRkZjEtYTg0MC1hN2M5OTcxZDM0YTciLCJleHAiOjE3MjcyNDQxMzAsImlhdCI6MTcyNzI0MzUzMCwianRpIjoiZDAyZmJkNTYtNDlkMC00MDE0LWI4NGYtMjQ0NzZiZjhkOTAxIn0.QZLrTflLr7qbv-2dzLXLPEhxGP6jcd3sjQZX2-OBR-i6nDafCDS5H3iDqyjZBllIl95ZOGAcQ9tTFlzaxFdFFg
2024-09-25 08:53:36.049 [main] INFO  com.apiTests.requests.HelperMethod - The user information in the 'userDataPath' JSON file was assigned to a string variable named 'userLoginData'
2024-09-25 08:53:36.052 [main] INFO  com.apiTests.requests.user_controller.LoginTests - Request body loaded from: src/test/resources/jsonFilesLogin/validUsernameInvalidPassword.json
2024-09-25 08:53:38.167 [main] INFO  com.apiTests.requests.user_controller.LoginTests - Response received: User is unauthorized
2024-09-25 08:53:38.168 [main] INFO  com.apiTests.requests.user_controller.LoginTests - Status Code: 401
2024-09-25 08:53:38.169 [main] ERROR com.apiTests.requests.user_controller.LoginTests - Unexpected content type: text/plain;charset=UTF-8
2024-09-25 08:53:38.169 [main] ERROR com.apiTests.requests.user_controller.LoginTests - Response body: User is unauthorized
2024-09-25 08:53:38.169 [main] INFO  com.apiTests.serviceSteps.serviceSteps.LoginSteps - The system has not been logged in with a valid username and password
2024-09-25 08:53:38.257 [main] INFO  com.apiTests.requests.HelperMethod - The user information in the 'userDataPath' JSON file was assigned to a string variable named 'userLoginData'
2024-09-25 08:53:38.258 [main] INFO  com.apiTests.requests.user_controller.LoginTests - Request body loaded from: src/test/resources/jsonFilesLogin/validUsernameAndEmptyPassword.json
2024-09-25 08:53:39.031 [main] INFO  com.apiTests.requests.user_controller.LoginTests - Response received: User is unauthorized
2024-09-25 08:53:39.031 [main] INFO  com.apiTests.requests.user_controller.LoginTests - Status Code: 401
2024-09-25 08:53:39.031 [main] ERROR com.apiTests.requests.user_controller.LoginTests - Unexpected content type: text/plain;charset=UTF-8
2024-09-25 08:53:39.032 [main] ERROR com.apiTests.requests.user_controller.LoginTests - Response body: User is unauthorized
2024-09-25 08:53:39.032 [main] INFO  com.apiTests.serviceSteps.serviceSteps.LoginSteps - The system has not been logged in with a valid username and empty password
2024-09-25 08:53:39.055 [main] INFO  com.apiTests.requests.HelperMethod - The user information in the 'userDataPath' JSON file was assigned to a string variable named 'userLoginData'
2024-09-25 08:53:39.055 [main] INFO  com.apiTests.requests.user_controller.LoginTests - Request body loaded from: src/test/resources/jsonFilesLogin/validUsernameAndPassword.json
2024-09-25 08:53:40.382 [main] INFO  com.apiTests.requests.user_controller.LoginTests - Response received: {"user":{"name":"Sistem Yöneticisi","surname":"ASELSAN","username":"aselsan","detail":{"identityNumber":null,"email":null,"phoneNumber":null,"rank":null,"profilePicture":null,"supervisor":{"name":null,"surname":null}},"pushToken":null,"userLevelId":5,"userLevelName":"Aselsan","id":10},"tokenDetails":{"accessToken":"eyJ0eXAiOiJKV1QiLCJhbGciOiJIUzUxMiJ9.eyJzdWIiOiIxOSIsImF1ZCI6ImFjY2VzcyIsInVzciI6IlNpc3RlbSBZw7ZuZXRpY2lzaSBBU0VMU0FOIiwiaXNzIjoiYXNlbHNhbi5rYXJkZWxlbiIsInJqdGkiOiJiYmFmNDFjZC0yNmM3LTQyN2QtYjJmMC01ZjI4ZDFkZmNlMWMiLCJleHAiOjE3MjcyNDQyMTksImlhdCI6MTcyNzI0MzYxOSwianRpIjoiNGE4NjhkNTAtMDZmNy00YTE5LThlNzAtNmM2YWRlZTFjZWJlIn0.kee_5Fa_STV8BEvggxhW1XZfuXdiopCilRpHnp2DRpxNnZJDjsU1x2-0T4RKUo8sz2dtymfHElLdPRAlkTL8Iw","refreshToken":"eyJ0eXAiOiJKV1QiLCJhbGciOiJIUzUxMiJ9.eyJzdWIiOiIxOSIsImF1ZCI6InJlZnJlc2giLCJpc3MiOiJhc2Vsc2FuLmthcmRlbGVuIiwiZXhwIjoxNzI3Mjc5NjE5LCJpYXQiOjE3MjcyNDM2MTksImp0aSI6ImJiYWY0MWNkLTI2YzctNDI3ZC1iMmYwLTVmMjhkMWRmY2UxYyJ9.SazQ6DyGukjRczE_L3CCehf1yatqhBTxPyfpsG67J0x3YCqxPgCLdQIKP1xD5p-BEATnnZIzBCMIu2H2SMGRZw"},"authorities":["right.detection.createdetection","right.detection.map","right.detection.detail","right.detection.detail.read","right.detection.detail.update","right.detection.filter","right.detection.sort","right.detection.sosmessage","right.task.filter","right.task.sort","right.task.detail","right.task.detail.read","right.task.detail.starttask","right.sensor.list","right.sensor.map","right.sensor.livestream","right.sensor.filter","right.sensor.sort","right.profile.read","right.profile.usergroups.authorization","right.detection","right.task","right.sensor","right.profile","right.pushnotification","right.detection.incominglist","right.task.outgoinglist","right.detection.outgoinglist","right.task.incominglist","right.task.attachments.list","right.alarm","right.alarm.list","right.alarm.map","right.alarm.filter"]}
2024-09-25 08:53:40.383 [main] INFO  com.apiTests.requests.user_controller.LoginTests - Status Code: 200
2024-09-25 08:53:40.488 [main] INFO  com.apiTests.serviceSteps.serviceSteps.LoginSteps - The system has been logged in with a valid username and password
2024-09-25 08:53:40.489 [main] INFO  com.apiTests.requests.HelperMethod - The user information in the 'userDataPath' JSON file was assigned to a string variable named 'userLoginData'
2024-09-25 08:53:40.493 [main] INFO  com.apiTests.serviceSteps.serviceSteps.LoginSteps - The username in the response matches the one in the request
2024-09-25 08:53:40.495 [main] INFO  com.apiTests.serviceSteps.serviceSteps.LoginSteps - The Access Token has been saved: eyJ0eXAiOiJKV1QiLCJhbGciOiJIUzUxMiJ9.eyJzdWIiOiIxOSIsImF1ZCI6ImFjY2VzcyIsInVzciI6IlNpc3RlbSBZw7ZuZXRpY2lzaSBBU0VMU0FOIiwiaXNzIjoiYXNlbHNhbi5rYXJkZWxlbiIsInJqdGkiOiJiYmFmNDFjZC0yNmM3LTQyN2QtYjJmMC01ZjI4ZDFkZmNlMWMiLCJleHAiOjE3MjcyNDQyMTksImlhdCI6MTcyNzI0MzYxOSwianRpIjoiNGE4NjhkNTAtMDZmNy00YTE5LThlNzAtNmM2YWRlZTFjZWJlIn0.kee_5Fa_STV8BEvggxhW1XZfuXdiopCilRpHnp2DRpxNnZJDjsU1x2-0T4RKUo8sz2dtymfHElLdPRAlkTL8Iw
2024-09-25 08:53:40.506 [main] INFO  com.apiTests.requests.HelperMethod - The user information in the 'userDataPath' JSON file was assigned to a string variable named 'userLoginData'
2024-09-25 08:53:40.507 [main] INFO  com.apiTests.requests.user_controller.LoginTests - Request body loaded from: src/test/resources/jsonFilesLogin/validUsernameAndPassword.json
2024-09-25 08:53:41.275 [main] INFO  com.apiTests.requests.user_controller.LoginTests - Response received: {"user":{"name":"Sistem Yöneticisi","surname":"ASELSAN","username":"aselsan","detail":{"identityNumber":null,"email":null,"phoneNumber":null,"rank":null,"profilePicture":null,"supervisor":{"name":null,"surname":null}},"pushToken":null,"userLevelId":5,"userLevelName":"Aselsan","id":10},"tokenDetails":{"accessToken":"eyJ0eXAiOiJKV1QiLCJhbGciOiJIUzUxMiJ9.eyJzdWIiOiIxOSIsImF1ZCI6ImFjY2VzcyIsInVzciI6IlNpc3RlbSBZw7ZuZXRpY2lzaSBBU0VMU0FOIiwiaXNzIjoiYXNlbHNhbi5rYXJkZWxlbiIsInJqdGkiOiIxZTMwM2MwNS02ZGJlLTRmOGItOWU1Yi1lODU4ZjIyNmZlZmIiLCJleHAiOjE3MjcyNDQyMjAsImlhdCI6MTcyNzI0MzYyMCwianRpIjoiNjA3YTNmZjMtMjZkMy00MjI3LWJiYWEtOTM2Njk0YTY3MzJlIn0.zSLax9b9cbtbtiKr8TbsydSF8R0yew5Hm_abKqI0qgmQYu5JfzXhGTuKoAbmhN-ennK126y8U27ZctJHux4yYA","refreshToken":"eyJ0eXAiOiJKV1QiLCJhbGciOiJIUzUxMiJ9.eyJzdWIiOiIxOSIsImF1ZCI6InJlZnJlc2giLCJpc3MiOiJhc2Vsc2FuLmthcmRlbGVuIiwiZXhwIjoxNzI3Mjc5NjIwLCJpYXQiOjE3MjcyNDM2MjAsImp0aSI6IjFlMzAzYzA1LTZkYmUtNGY4Yi05ZTViLWU4NThmMjI2ZmVmYiJ9.ij3zdx-4ZP2NmW6NLm1L8xQ-AHtkK-PbUZJxK9LDqdl8ew-rOONjOrVKO62UpCnbEuBeftYqTqcUlZVgfPwlog"},"authorities":["right.detection.createdetection","right.detection.map","right.detection.detail","right.detection.detail.read","right.detection.detail.update","right.detection.filter","right.detection.sort","right.detection.sosmessage","right.task.filter","right.task.sort","right.task.detail","right.task.detail.read","right.task.detail.starttask","right.sensor.list","right.sensor.map","right.sensor.livestream","right.sensor.filter","right.sensor.sort","right.profile.read","right.profile.usergroups.authorization","right.detection","right.task","right.sensor","right.profile","right.pushnotification","right.detection.incominglist","right.task.outgoinglist","right.detection.outgoinglist","right.task.incominglist","right.task.attachments.list","right.alarm","right.alarm.list","right.alarm.map","right.alarm.filter"]}
2024-09-25 08:53:41.275 [main] INFO  com.apiTests.requests.user_controller.LoginTests - Status Code: 200
2024-09-25 08:53:41.284 [main] INFO  com.apiTests.serviceSteps.serviceSteps.LoginSteps - The system has been logged in with a valid username and password
2024-09-25 08:53:41.285 [main] INFO  com.apiTests.requests.HelperMethod - The user information in the 'userDataPath' JSON file was assigned to a string variable named 'userLoginData'
2024-09-25 08:53:41.285 [main] INFO  com.apiTests.serviceSteps.serviceSteps.LoginSteps - The username in the response matches the one in the request
2024-09-25 08:53:41.287 [main] INFO  com.apiTests.serviceSteps.serviceSteps.LoginSteps - The Access Token has been saved: eyJ0eXAiOiJKV1QiLCJhbGciOiJIUzUxMiJ9.eyJzdWIiOiIxOSIsImF1ZCI6ImFjY2VzcyIsInVzciI6IlNpc3RlbSBZw7ZuZXRpY2lzaSBBU0VMU0FOIiwiaXNzIjoiYXNlbHNhbi5rYXJkZWxlbiIsInJqdGkiOiIxZTMwM2MwNS02ZGJlLTRmOGItOWU1Yi1lODU4ZjIyNmZlZmIiLCJleHAiOjE3MjcyNDQyMjAsImlhdCI6MTcyNzI0MzYyMCwianRpIjoiNjA3YTNmZjMtMjZkMy00MjI3LWJiYWEtOTM2Njk0YTY3MzJlIn0.zSLax9b9cbtbtiKr8TbsydSF8R0yew5Hm_abKqI0qgmQYu5JfzXhGTuKoAbmhN-ennK126y8U27ZctJHux4yYA
2024-09-25 09:09:05.977 [main] INFO  com.apiTests.requests.HelperMethod - The user information in the 'userDataPath' JSON file was assigned to a string variable named 'userLoginData'
2024-09-25 09:09:05.981 [main] INFO  com.apiTests.requests.user_controller.LoginTests - Request body loaded from: src/test/resources/jsonFilesLogin/validUsernameInvalidPassword.json
2024-09-25 09:09:07.485 [main] INFO  com.apiTests.requests.user_controller.LoginTests - Response received: User is unauthorized
2024-09-25 09:09:07.485 [main] INFO  com.apiTests.requests.user_controller.LoginTests - Status Code: 401
2024-09-25 09:09:07.485 [main] ERROR com.apiTests.requests.user_controller.LoginTests - Unexpected content type: text/plain;charset=UTF-8
2024-09-25 09:09:07.486 [main] ERROR com.apiTests.requests.user_controller.LoginTests - Response body: User is unauthorized
2024-09-25 09:09:07.486 [main] INFO  com.apiTests.serviceSteps.serviceSteps.LoginSteps - The system has not been logged in with a valid username and password
2024-09-25 09:09:07.571 [main] INFO  com.apiTests.requests.HelperMethod - The user information in the 'userDataPath' JSON file was assigned to a string variable named 'userLoginData'
2024-09-25 09:09:07.572 [main] INFO  com.apiTests.requests.user_controller.LoginTests - Request body loaded from: src/test/resources/jsonFilesLogin/validUsernameAndEmptyPassword.json
2024-09-25 09:09:07.798 [main] INFO  com.apiTests.requests.user_controller.LoginTests - Response received: User is unauthorized
2024-09-25 09:09:07.799 [main] INFO  com.apiTests.requests.user_controller.LoginTests - Status Code: 401
2024-09-25 09:09:07.799 [main] ERROR com.apiTests.requests.user_controller.LoginTests - Unexpected content type: text/plain;charset=UTF-8
2024-09-25 09:09:07.799 [main] ERROR com.apiTests.requests.user_controller.LoginTests - Response body: User is unauthorized
2024-09-25 09:09:07.800 [main] INFO  com.apiTests.serviceSteps.serviceSteps.LoginSteps - The system has not been logged in with a valid username and empty password
2024-09-25 09:09:07.811 [main] INFO  com.apiTests.requests.HelperMethod - The user information in the 'userDataPath' JSON file was assigned to a string variable named 'userLoginData'
2024-09-25 09:09:07.812 [main] INFO  com.apiTests.requests.user_controller.LoginTests - Request body loaded from: src/test/resources/jsonFilesLogin/validUsernameAndPassword.json
2024-09-25 09:09:08.159 [main] INFO  com.apiTests.requests.user_controller.LoginTests - Response received: {"user":{"name":"Sistem Yöneticisi","surname":"ASELSAN","username":"aselsan","detail":{"identityNumber":null,"email":null,"phoneNumber":null,"rank":null,"profilePicture":null,"supervisor":{"name":null,"surname":null}},"pushToken":null,"userLevelId":5,"userLevelName":"Aselsan","id":10},"tokenDetails":{"accessToken":"eyJ0eXAiOiJKV1QiLCJhbGciOiJIUzUxMiJ9.eyJzdWIiOiIxOSIsImF1ZCI6ImFjY2VzcyIsInVzciI6IlNpc3RlbSBZw7ZuZXRpY2lzaSBBU0VMU0FOIiwiaXNzIjoiYXNlbHNhbi5rYXJkZWxlbiIsInJqdGkiOiI1ZmIyYTA5OS0yMTcyLTQ1OTAtODZkYy0zNmMxYmNiNmY2ZGIiLCJleHAiOjE3MjcyNDUxNDcsImlhdCI6MTcyNzI0NDU0NywianRpIjoiZDIwYmJhYzAtOTQ0Zi00NzgxLTgwMDYtOWM1ZWM0ZDViZGU0In0.WjLWLrUkBf07N2Sn8sU4Bk1-EgPvW3MtKF5tI8ODYA_dzQ4tF8CdmUuyQEPIY1ZKgNal-VG3ZQNyC3GrFFMX_g","refreshToken":"eyJ0eXAiOiJKV1QiLCJhbGciOiJIUzUxMiJ9.eyJzdWIiOiIxOSIsImF1ZCI6InJlZnJlc2giLCJpc3MiOiJhc2Vsc2FuLmthcmRlbGVuIiwiZXhwIjoxNzI3MjgwNTQ3LCJpYXQiOjE3MjcyNDQ1NDcsImp0aSI6IjVmYjJhMDk5LTIxNzItNDU5MC04NmRjLTM2YzFiY2I2ZjZkYiJ9.bS-WfwCemslO6H2LADUe3M_wgLQ3hew05YYQqlqNNau_2V4ln_OLWcjtODjaTUZt3NrgvSIjjhRVZnVskaQ-MQ"},"authorities":["right.detection.createdetection","right.detection.map","right.detection.detail","right.detection.detail.read","right.detection.detail.update","right.detection.filter","right.detection.sort","right.detection.sosmessage","right.task.filter","right.task.sort","right.task.detail","right.task.detail.read","right.task.detail.starttask","right.sensor.list","right.sensor.map","right.sensor.livestream","right.sensor.filter","right.sensor.sort","right.profile.read","right.profile.usergroups.authorization","right.detection","right.task","right.sensor","right.profile","right.pushnotification","right.detection.incominglist","right.task.outgoinglist","right.detection.outgoinglist","right.task.incominglist","right.task.attachments.list","right.alarm","right.alarm.list","right.alarm.map","right.alarm.filter"]}
2024-09-25 09:09:08.159 [main] INFO  com.apiTests.requests.user_controller.LoginTests - Status Code: 200
2024-09-25 09:09:08.298 [main] INFO  com.apiTests.serviceSteps.serviceSteps.LoginSteps - The system has been logged in with a valid username and password
2024-09-25 09:09:08.299 [main] INFO  com.apiTests.requests.HelperMethod - The user information in the 'userDataPath' JSON file was assigned to a string variable named 'userLoginData'
2024-09-25 09:09:08.303 [main] INFO  com.apiTests.serviceSteps.serviceSteps.LoginSteps - The username in the response matches the one in the request
2024-09-25 09:09:08.305 [main] INFO  com.apiTests.serviceSteps.serviceSteps.LoginSteps - The Access Token has been saved: eyJ0eXAiOiJKV1QiLCJhbGciOiJIUzUxMiJ9.eyJzdWIiOiIxOSIsImF1ZCI6ImFjY2VzcyIsInVzciI6IlNpc3RlbSBZw7ZuZXRpY2lzaSBBU0VMU0FOIiwiaXNzIjoiYXNlbHNhbi5rYXJkZWxlbiIsInJqdGkiOiI1ZmIyYTA5OS0yMTcyLTQ1OTAtODZkYy0zNmMxYmNiNmY2ZGIiLCJleHAiOjE3MjcyNDUxNDcsImlhdCI6MTcyNzI0NDU0NywianRpIjoiZDIwYmJhYzAtOTQ0Zi00NzgxLTgwMDYtOWM1ZWM0ZDViZGU0In0.WjLWLrUkBf07N2Sn8sU4Bk1-EgPvW3MtKF5tI8ODYA_dzQ4tF8CdmUuyQEPIY1ZKgNal-VG3ZQNyC3GrFFMX_g
2024-09-25 09:09:08.316 [main] INFO  com.apiTests.requests.HelperMethod - The user information in the 'userDataPath' JSON file was assigned to a string variable named 'userLoginData'
2024-09-25 09:09:08.316 [main] INFO  com.apiTests.requests.user_controller.LoginTests - Request body loaded from: src/test/resources/jsonFilesLogin/validUsernameAndPassword.json
2024-09-25 09:09:08.613 [main] INFO  com.apiTests.requests.user_controller.LoginTests - Response received: {"user":{"name":"Sistem Yöneticisi","surname":"ASELSAN","username":"aselsan","detail":{"identityNumber":null,"email":null,"phoneNumber":null,"rank":null,"profilePicture":null,"supervisor":{"name":null,"surname":null}},"pushToken":null,"userLevelId":5,"userLevelName":"Aselsan","id":10},"tokenDetails":{"accessToken":"eyJ0eXAiOiJKV1QiLCJhbGciOiJIUzUxMiJ9.eyJzdWIiOiIxOSIsImF1ZCI6ImFjY2VzcyIsInVzciI6IlNpc3RlbSBZw7ZuZXRpY2lzaSBBU0VMU0FOIiwiaXNzIjoiYXNlbHNhbi5rYXJkZWxlbiIsInJqdGkiOiI0ZTY1MzBlZi03M2MyLTQ4M2YtYTUwYi0wZjcyMDQxMzIwN2UiLCJleHAiOjE3MjcyNDUxNDcsImlhdCI6MTcyNzI0NDU0NywianRpIjoiMDA0M2ZlMWQtZThjZS00Njg5LTk1MzMtNDU0MGQ5NjNjYjUzIn0.Ox2Ec_7uZVfxmpqnNavMJZLSxKjMG1odL2rqm-l67iEkrIRdrDU-FvpdjGWXoUJ7qsck368n8AmIHk_dTtuKoA","refreshToken":"eyJ0eXAiOiJKV1QiLCJhbGciOiJIUzUxMiJ9.eyJzdWIiOiIxOSIsImF1ZCI6InJlZnJlc2giLCJpc3MiOiJhc2Vsc2FuLmthcmRlbGVuIiwiZXhwIjoxNzI3MjgwNTQ3LCJpYXQiOjE3MjcyNDQ1NDcsImp0aSI6IjRlNjUzMGVmLTczYzItNDgzZi1hNTBiLTBmNzIwNDEzMjA3ZSJ9.rzQB9weIX5qCCq55_VTp-BnyyK4zR-6Tt9WSul-kkN1QNbFx6PX0iLAC89F4UvOgZVgSWIB3kvrm3efDo8On_A"},"authorities":["right.detection.createdetection","right.detection.map","right.detection.detail","right.detection.detail.read","right.detection.detail.update","right.detection.filter","right.detection.sort","right.detection.sosmessage","right.task.filter","right.task.sort","right.task.detail","right.task.detail.read","right.task.detail.starttask","right.sensor.list","right.sensor.map","right.sensor.livestream","right.sensor.filter","right.sensor.sort","right.profile.read","right.profile.usergroups.authorization","right.detection","right.task","right.sensor","right.profile","right.pushnotification","right.detection.incominglist","right.task.outgoinglist","right.detection.outgoinglist","right.task.incominglist","right.task.attachments.list","right.alarm","right.alarm.list","right.alarm.map","right.alarm.filter"]}
2024-09-25 09:09:08.614 [main] INFO  com.apiTests.requests.user_controller.LoginTests - Status Code: 200
2024-09-25 09:09:08.620 [main] INFO  com.apiTests.serviceSteps.serviceSteps.LoginSteps - The system has been logged in with a valid username and password
2024-09-25 09:09:08.621 [main] INFO  com.apiTests.requests.HelperMethod - The user information in the 'userDataPath' JSON file was assigned to a string variable named 'userLoginData'
2024-09-25 09:09:08.621 [main] INFO  com.apiTests.serviceSteps.serviceSteps.LoginSteps - The username in the response matches the one in the request
2024-09-25 09:09:08.623 [main] INFO  com.apiTests.serviceSteps.serviceSteps.LoginSteps - The Access Token has been saved: eyJ0eXAiOiJKV1QiLCJhbGciOiJIUzUxMiJ9.eyJzdWIiOiIxOSIsImF1ZCI6ImFjY2VzcyIsInVzciI6IlNpc3RlbSBZw7ZuZXRpY2lzaSBBU0VMU0FOIiwiaXNzIjoiYXNlbHNhbi5rYXJkZWxlbiIsInJqdGkiOiI0ZTY1MzBlZi03M2MyLTQ4M2YtYTUwYi0wZjcyMDQxMzIwN2UiLCJleHAiOjE3MjcyNDUxNDcsImlhdCI6MTcyNzI0NDU0NywianRpIjoiMDA0M2ZlMWQtZThjZS00Njg5LTk1MzMtNDU0MGQ5NjNjYjUzIn0.Ox2Ec_7uZVfxmpqnNavMJZLSxKjMG1odL2rqm-l67iEkrIRdrDU-FvpdjGWXoUJ7qsck368n8AmIHk_dTtuKoA
2024-09-25 14:19:29.094 [MockServer-EventLog0] INFO  org.mockserver.log.MockServerEventLog - 1080 started on port: 1080
2024-09-25 14:19:29.857 [MockServer-EventLog0] INFO  org.mockserver.log.MockServerEventLog - 1080 creating expectation:

  {
    "httpRequest" : {
      "method" : "POST",
      "path" : "/v1/login",
      "body" : "{\"username\": \"aselsan\", \"password\": \"aselsan\"}"
    },
    "httpResponse" : {
      "statusCode" : 200,
      "headers" : {
        "Content-Type" : [ "application/json" ]
      },
      "body" : "{\n  \"user\": {\n    \"name\": \"opName\",\n    \"surname\": \"opSurname\",\n    \"username\": \"op\",\n    \"detail\": {\n      \"supervisor\": {\n        \"name\": \"Sistem Yöneticisi\",\n        \"surname\": \"ASELSAN\"\n      }\n    },\n    \"userLevelName\": \"Yönetici\",\n    \"id\": 334\n  },\n  \"tokenDetails\": {\n    \"accessToken\": \"mock_access_token\",\n    \"refreshToken\": \"mock_refresh_token\"\n  }\n}"
    },
    "id" : "bd69627d-0b9b-45c4-942d-db78771d36bf",
    "priority" : 0,
    "timeToLive" : {
      "unlimited" : true
    },
    "times" : {
      "unlimited" : true
    }
  }

 with id:

  bd69627d-0b9b-45c4-942d-db78771d36bf

2024-09-25 14:19:30.562 [main] ERROR com.apiTests.requests.HelperMethod - The user information in the 'userDataPath' JSON file was not assigned to a string variable named 'userLoginData'loginRequest.json
2024-09-25 14:19:30.563 [main] INFO  com.apiTests.requests.user_controller.LoginTests - Request body loaded from: loginRequest.json
2024-09-25 14:19:30.892 [MockServer-EventLog0] INFO  org.mockserver.log.MockServerEventLog - 1080 stopped for port: 1080
2024-09-25 14:20:37.140 [MockServer-EventLog0] INFO  org.mockserver.log.MockServerEventLog - 1080 started on port: 1080
2024-09-25 14:20:37.659 [MockServer-EventLog0] INFO  org.mockserver.log.MockServerEventLog - 1080 creating expectation:

  {
    "httpRequest" : {
      "method" : "POST",
      "path" : "/v1/login",
      "body" : "{\"username\": \"aselsan\", \"password\": \"aselsan\"}"
    },
    "httpResponse" : {
      "statusCode" : 200,
      "headers" : {
        "Content-Type" : [ "application/json" ]
      },
      "body" : "{\n  \"user\": {\n    \"name\": \"opName\",\n    \"surname\": \"opSurname\",\n    \"username\": \"op\",\n    \"detail\": {\n      \"supervisor\": {\n        \"name\": \"Sistem Yöneticisi\",\n        \"surname\": \"ASELSAN\"\n      }\n    },\n    \"userLevelName\": \"Yönetici\",\n    \"id\": 334\n  },\n  \"tokenDetails\": {\n    \"accessToken\": \"mock_access_token\",\n    \"refreshToken\": \"mock_refresh_token\"\n  }\n}"
    },
    "id" : "863b71b9-fa69-43b6-80e6-fe75ec2323e2",
    "priority" : 0,
    "timeToLive" : {
      "unlimited" : true
    },
    "times" : {
      "unlimited" : true
    }
  }

 with id:

  863b71b9-fa69-43b6-80e6-fe75ec2323e2

2024-09-25 14:20:38.163 [main] INFO  com.apiTests.requests.HelperMethod - The user information in the 'userDataPath' JSON file was assigned to a string variable named 'userLoginData'
2024-09-25 14:20:38.164 [main] INFO  com.apiTests.requests.user_controller.LoginTests - Request body loaded from: src/test/resources/jsonFilesLogin/validUsernameInvalidPassword.json
2024-09-25 14:20:39.094 [main] ERROR io.qameta.allure.AllureLifecycle - Could not add attachment: no test is running
2024-09-25 14:21:00.511 [MockServer-EventLog0] INFO  org.mockserver.log.MockServerEventLog - 1080 stopped for port: 1080
